#
# There is insufficient memory for the Java Runtime Environment to continue.
# Native memory allocation (malloc) failed to allocate 210736 bytes for Chunk::new
# Possible reasons:
#   The system is out of physical RAM or swap space
#   The process is running with CompressedOops enabled, and the Java Heap may be blocking the growth of the native heap
# Possible solutions:
#   Reduce memory load on the system
#   Increase physical memory or swap space
#   Check if swap backing store is full
#   Decrease Java heap size (-Xmx/-Xms)
#   Decrease number of Java threads
#   Decrease Java thread stack sizes (-Xss)
#   Set larger code cache with -XX:ReservedCodeCacheSize=
#   JVM is running with Unscaled Compressed Oops mode in which the Java heap is
#     placed in the first 4GB address space. The Java Heap base address is the
#     maximum limit for the native heap growth. Please use -XX:HeapBaseMinAddress
#     to set the Java Heap base and to place the Java Heap above 4GB virtual address.
# This output file may be truncated or incomplete.
#
#  Out of Memory Error (allocation.cpp:389), pid=2196, tid=0x00000000000028fc
#
# JRE version: OpenJDK Runtime Environment (8.0_242-b01) (build 1.8.0_242-release-1644-b01)
# Java VM: OpenJDK 64-Bit Server VM (25.242-b01 mixed mode windows-amd64 compressed oops)
# Failed to write core dump. Minidumps are not enabled by default on client versions of Windows
#

---------------  T H R E A D  ---------------

Current thread (0x0000000019968800):  JavaThread "C2 CompilerThread2" daemon [_thread_in_native, id=10492, stack(0x000000001a430000,0x000000001a530000)]

Stack: [0x000000001a430000,0x000000001a530000]
[error occurred during error reporting (printing stack bounds), id 0xc0000005]

Native frames: (J=compiled Java code, j=interpreted, Vv=VM code, C=native code)


Current CompileTask:
C2:1156160 15620       4       com.android.ide.common.resources.NodeUtils::updateNamespace (161 bytes)


---------------  P R O C E S S  ---------------

Java Threads: ( => current thread )
  0x0000000021264800 JavaThread "stdout" [_thread_new, id=1520, stack(0x0000000000000000,0x0000000000000000)]
  0x0000000021262800 JavaThread "stderr" [_thread_new, id=1184, stack(0x0000000000000000,0x0000000000000000)]
  0x0000000021265800 JavaThread "stdout" [_thread_in_native, id=11708, stack(0x0000000032fc0000,0x00000000330c0000)]
  0x0000000021261800 JavaThread "stderr" [_thread_in_native, id=4080, stack(0x0000000032ec0000,0x0000000032fc0000)]
  0x0000000021264000 JavaThread "stdout" [_thread_in_native, id=12132, stack(0x0000000032dc0000,0x0000000032ec0000)]
  0x0000000021261000 JavaThread "stderr" [_thread_in_native, id=5100, stack(0x0000000032cc0000,0x0000000032dc0000)]
  0x0000000021263000 JavaThread "stdout" [_thread_in_native, id=11016, stack(0x0000000032bc0000,0x0000000032cc0000)]
  0x000000001c711000 JavaThread "stderr" [_thread_in_native, id=1948, stack(0x0000000032ac0000,0x0000000032bc0000)]
  0x000000001c718000 JavaThread "stdout" [_thread_in_native, id=8512, stack(0x00000000329c0000,0x0000000032ac0000)]
  0x000000001c715000 JavaThread "stderr" [_thread_in_native, id=4516, stack(0x00000000328c0000,0x00000000329c0000)]
  0x000000001c712800 JavaThread "pool-6-thread-1" [_thread_blocked, id=4340, stack(0x00000000327c0000,0x00000000328c0000)]
  0x000000001c714000 JavaThread "WorkerExecutor Queue Thread 8" [_thread_blocked, id=1304, stack(0x00000000326c0000,0x00000000327c0000)]
  0x000000001c713800 JavaThread "MarlinRenderer Disposer" daemon [_thread_blocked, id=2740, stack(0x00000000325c0000,0x00000000326c0000)]
  0x000000001c716800 JavaThread "Java2D Disposer" daemon [_thread_blocked, id=12296, stack(0x00000000322c0000,0x00000000323c0000)]
  0x000000001c712000 JavaThread "WorkerExecutor Queue Thread 7" [_thread_blocked, id=12868, stack(0x0000000031ec0000,0x0000000031fc0000)]
  0x000000001c715800 JavaThread "WorkerExecutor Queue Thread 6" [_thread_blocked, id=13004, stack(0x0000000031dc0000,0x0000000031ec0000)]
  0x0000000021ed6000 JavaThread "WorkerExecutor Queue Thread 5" [_thread_in_native, id=12776, stack(0x0000000031cc0000,0x0000000031dc0000)]
  0x0000000021ed5800 JavaThread "WorkerExecutor Queue Thread 4" [_thread_blocked, id=13836, stack(0x000000002fba0000,0x000000002fca0000)]
  0x0000000021ed4800 JavaThread "WorkerExecutor Queue Thread 3" [_thread_blocked, id=12548, stack(0x000000002faa0000,0x000000002fba0000)]
  0x0000000021ed4000 JavaThread "WorkerExecutor Queue Thread 2" [_thread_blocked, id=13832, stack(0x000000002f9a0000,0x000000002faa0000)]
  0x0000000021ed7800 JavaThread "WorkerExecutor Queue" [_thread_blocked, id=11304, stack(0x000000002f400000,0x000000002f500000)]
  0x0000000021ed2800 JavaThread "Cache worker for execution history cache (E:\BTAndroid\Homework5\SQLiteExamplesWed\.gradle\6.5\executionHistory)" [_thread_blocked, id=1696, stack(0x000000002f300000,0x000000002f400000)]
  0x0000000021ed7000 JavaThread "Execution worker for ':' Thread 7" [_thread_blocked, id=13360, stack(0x000000002f000000,0x000000002f100000)]
  0x0000000021ed1800 JavaThread "Execution worker for ':' Thread 6" [_thread_blocked, id=14020, stack(0x000000002ef00000,0x000000002f000000)]
  0x000000001ccac800 JavaThread "Execution worker for ':' Thread 5" [_thread_blocked, id=11488, stack(0x000000002ee00000,0x000000002ef00000)]
  0x000000001ccb0800 JavaThread "Execution worker for ':' Thread 4" [_thread_blocked, id=4924, stack(0x000000002ed00000,0x000000002ee00000)]
  0x000000001ccaf800 JavaThread "Execution worker for ':' Thread 3" [_thread_blocked, id=10284, stack(0x000000002e740000,0x000000002e840000)]
  0x0000000022123800 JavaThread "Execution worker for ':' Thread 2" [_thread_blocked, id=1244, stack(0x000000002e040000,0x000000002e140000)]
  0x0000000022122800 JavaThread "Execution worker for ':'" [_thread_blocked, id=9792, stack(0x000000002d540000,0x000000002d640000)]
  0x0000000022120800 JavaThread "Cache worker for file content cache (E:\BTAndroid\Homework5\SQLiteExamplesWed\.gradle\6.5\fileContent)" [_thread_blocked, id=1316, stack(0x000000002d440000,0x000000002d540000)]
  0x0000000022124000 JavaThread "pool-5-thread-1" [_thread_blocked, id=11172, stack(0x0000000026230000,0x0000000026330000)]
  0x000000002211f800 JavaThread "Cache worker for Build Output Cleanup Cache (E:\BTAndroid\Homework5\SQLiteExamplesWed\.gradle\buildOutputCleanup)" [_thread_blocked, id=2624, stack(0x0000000026130000,0x0000000026230000)]
  0x0000000022121000 JavaThread "Build operations Thread 8" [_thread_blocked, id=13432, stack(0x0000000026030000,0x0000000026130000)]
  0x0000000021c2e800 JavaThread "Build operations Thread 7" [_thread_blocked, id=10448, stack(0x0000000025f30000,0x0000000026030000)]
  0x0000000021c2e000 JavaThread "Build operations Thread 6" [_thread_blocked, id=7824, stack(0x0000000025e30000,0x0000000025f30000)]
  0x0000000021c2d000 JavaThread "Build operations Thread 5" [_thread_blocked, id=3196, stack(0x0000000025d30000,0x0000000025e30000)]
  0x0000000021c2f800 JavaThread "Build operations Thread 4" [_thread_blocked, id=10000, stack(0x0000000025c30000,0x0000000025d30000)]
  0x0000000021c2c800 JavaThread "Build operations Thread 3" [_thread_blocked, id=10012, stack(0x0000000025b30000,0x0000000025c30000)]
  0x0000000021c25000 JavaThread "Build operations Thread 2" [_thread_blocked, id=3716, stack(0x0000000025a30000,0x0000000025b30000)]
  0x0000000021c2b800 JavaThread "Build operations" [_thread_blocked, id=7276, stack(0x0000000025930000,0x0000000025a30000)]
  0x0000000021c24000 JavaThread "Cache worker for cache directory md-rule (C:\Users\DUYEN\.gradle\caches\6.5\md-rule)" [_thread_blocked, id=10920, stack(0x0000000025430000,0x0000000025530000)]
  0x0000000021c2b000 JavaThread "Cache worker for cache directory md-supplier (C:\Users\DUYEN\.gradle\caches\6.5\md-supplier)" [_thread_blocked, id=11424, stack(0x0000000025330000,0x0000000025430000)]
  0x0000000021c2a000 JavaThread "Cache worker for checksums cache (E:\BTAndroid\Homework5\SQLiteExamplesWed\.gradle\checksums)" [_thread_blocked, id=5040, stack(0x0000000025230000,0x0000000025330000)]
  0x000000003072e800 JavaThread "Cache worker for file hash cache (E:\BTAndroid\Homework5\SQLiteExamplesWed\.gradle\6.5\fileHashes)" [_thread_blocked, id=10072, stack(0x000000001e150000,0x000000001e250000)]
  0x0000000030729800 JavaThread "Thread-254" [_thread_blocked, id=6992, stack(0x000000001e050000,0x000000001e150000)]
  0x0000000030728000 JavaThread "Stdin handler" [_thread_blocked, id=13804, stack(0x000000001dd50000,0x000000001de50000)]
  0x000000003072c800 JavaThread "Asynchronous log dispatcher for DefaultDaemonConnection: socket connection from /127.0.0.1:52484 to /127.0.0.1:52561" [_thread_blocked, id=1960, stack(0x000000001d710000,0x000000001d810000)]
  0x000000003072b800 JavaThread "Cancel handler" [_thread_blocked, id=12996, stack(0x0000000000e40000,0x0000000000f40000)]
  0x0000000030720000 JavaThread "Handler for socket connection from /127.0.0.1:52484 to /127.0.0.1:52561" [_thread_in_native, id=9940, stack(0x0000000000d40000,0x0000000000e40000)]
  0x0000000030727000 JavaThread "jar transforms Thread 184" [_thread_blocked, id=8436, stack(0x000000002cf40000,0x000000002d040000)]
  0x0000000030726800 JavaThread "jar transforms Thread 183" [_thread_blocked, id=2476, stack(0x000000002afb0000,0x000000002b0b0000)]
  0x0000000030725800 JavaThread "jar transforms Thread 182" [_thread_blocked, id=8304, stack(0x000000002aeb0000,0x000000002afb0000)]
  0x0000000030724000 JavaThread "jar transforms Thread 181" [_thread_blocked, id=10736, stack(0x000000002a9b0000,0x000000002aab0000)]
  0x000000003071f800 JavaThread "jar transforms Thread 180" [_thread_blocked, id=7444, stack(0x000000002a640000,0x000000002a740000)]
  0x0000000030723000 JavaThread "jar transforms Thread 179" [_thread_blocked, id=11028, stack(0x000000002a540000,0x000000002a640000)]
  0x0000000030722800 JavaThread "jar transforms Thread 178" [_thread_blocked, id=7884, stack(0x000000002a440000,0x000000002a540000)]
  0x0000000030724800 JavaThread "jar transforms Thread 177" [_thread_blocked, id=13448, stack(0x000000002a340000,0x000000002a440000)]
  0x0000000030721000 JavaThread "jar transforms Thread 176" [_thread_blocked, id=11900, stack(0x000000002a240000,0x000000002a340000)]
  0x0000000030721800 JavaThread "jar transforms Thread 175" [_thread_blocked, id=14080, stack(0x000000002a140000,0x000000002a240000)]
  0x00000000308e5000 JavaThread "jar transforms Thread 174" [_thread_blocked, id=7040, stack(0x000000002a040000,0x000000002a140000)]
  0x00000000308e5800 JavaThread "jar transforms Thread 173" [_thread_blocked, id=9588, stack(0x0000000029f40000,0x000000002a040000)]
  0x00000000308e4000 JavaThread "jar transforms Thread 172" [_thread_blocked, id=6156, stack(0x0000000029e40000,0x0000000029f40000)]
  0x00000000308dc800 JavaThread "jar transforms Thread 171" [_thread_blocked, id=2716, stack(0x0000000029d40000,0x0000000029e40000)]
  0x00000000308e3800 JavaThread "jar transforms Thread 170" [_thread_blocked, id=9016, stack(0x0000000029c40000,0x0000000029d40000)]
  0x00000000308e2800 JavaThread "jar transforms Thread 169" [_thread_blocked, id=10476, stack(0x0000000029b40000,0x0000000029c40000)]
  0x00000000308e2000 JavaThread "jar transforms Thread 168" [_thread_blocked, id=9136, stack(0x0000000029a40000,0x0000000029b40000)]
  0x00000000308da800 JavaThread "jar transforms Thread 167" [_thread_blocked, id=5964, stack(0x0000000029940000,0x0000000029a40000)]
  0x00000000308df000 JavaThread "jar transforms Thread 166" [_thread_blocked, id=3156, stack(0x0000000029840000,0x0000000029940000)]
  0x00000000308e1000 JavaThread "jar transforms Thread 165" [_thread_blocked, id=1664, stack(0x0000000029740000,0x0000000029840000)]
  0x00000000308de000 JavaThread "jar transforms Thread 164" [_thread_blocked, id=11668, stack(0x0000000029640000,0x0000000029740000)]
  0x00000000308d9800 JavaThread "jar transforms Thread 163" [_thread_blocked, id=6076, stack(0x0000000029540000,0x0000000029640000)]
  0x00000000308e0800 JavaThread "jar transforms Thread 162" [_thread_blocked, id=7696, stack(0x0000000029440000,0x0000000029540000)]
  0x00000000308df800 JavaThread "jar transforms Thread 161" [_thread_blocked, id=4664, stack(0x0000000029340000,0x0000000029440000)]
  0x00000000308dd800 JavaThread "jar transforms Thread 160" [_thread_blocked, id=6036, stack(0x0000000029240000,0x0000000029340000)]
  0x00000000308dc000 JavaThread "jar transforms Thread 159" [_thread_blocked, id=1784, stack(0x0000000029140000,0x0000000029240000)]
  0x00000000308d6800 JavaThread "jar transforms Thread 158" [_thread_blocked, id=9896, stack(0x0000000029040000,0x0000000029140000)]
  0x00000000308d7800 JavaThread "jar transforms Thread 157" [_thread_blocked, id=9996, stack(0x0000000028f40000,0x0000000029040000)]
  0x00000000308d9000 JavaThread "jar transforms Thread 156" [_thread_blocked, id=1492, stack(0x0000000028e40000,0x0000000028f40000)]
  0x00000000308d8000 JavaThread "jar transforms Thread 155" [_thread_blocked, id=8488, stack(0x0000000028d40000,0x0000000028e40000)]
  0x00000000308db000 JavaThread "jar transforms Thread 154" [_thread_blocked, id=1508, stack(0x0000000028c40000,0x0000000028d40000)]
  0x00000000307e3000 JavaThread "jar transforms Thread 153" [_thread_blocked, id=13280, stack(0x0000000028b40000,0x0000000028c40000)]
  0x00000000307e0800 JavaThread "jar transforms Thread 152" [_thread_blocked, id=12992, stack(0x0000000028a40000,0x0000000028b40000)]
  0x00000000307e2000 JavaThread "jar transforms Thread 151" [_thread_blocked, id=10172, stack(0x0000000028940000,0x0000000028a40000)]
  0x00000000307e1800 JavaThread "jar transforms Thread 150" [_thread_blocked, id=13620, stack(0x0000000028840000,0x0000000028940000)]
  0x00000000307e4800 JavaThread "jar transforms Thread 149" [_thread_blocked, id=2480, stack(0x0000000028740000,0x0000000028840000)]
  0x00000000307e3800 JavaThread "jar transforms Thread 148" [_thread_blocked, id=1204, stack(0x0000000028640000,0x0000000028740000)]
  0x00000000307e0000 JavaThread "jar transforms Thread 147" [_thread_blocked, id=6628, stack(0x0000000028540000,0x0000000028640000)]
  0x00000000307d8800 JavaThread "jar transforms Thread 146" [_thread_blocked, id=12780, stack(0x0000000028440000,0x0000000028540000)]
  0x00000000307df000 JavaThread "jar transforms Thread 145" [_thread_blocked, id=13992, stack(0x0000000028340000,0x0000000028440000)]
  0x00000000307d7800 JavaThread "jar transforms Thread 144" [_thread_blocked, id=3248, stack(0x0000000028240000,0x0000000028340000)]
  0x00000000307d9000 JavaThread "jar transforms Thread 143" [_thread_blocked, id=12568, stack(0x0000000028140000,0x0000000028240000)]
  0x00000000307de800 JavaThread "jar transforms Thread 142" [_thread_blocked, id=7192, stack(0x0000000028040000,0x0000000028140000)]
  0x00000000307dd800 JavaThread "jar transforms Thread 141" [_thread_blocked, id=9828, stack(0x0000000027f40000,0x0000000028040000)]
  0x00000000307d6000 JavaThread "jar transforms Thread 140" [_thread_blocked, id=13712, stack(0x0000000027e40000,0x0000000027f40000)]
  0x00000000307dd000 JavaThread "jar transforms Thread 139" [_thread_blocked, id=8100, stack(0x0000000027d40000,0x0000000027e40000)]
  0x00000000307d6800 JavaThread "jar transforms Thread 138" [_thread_blocked, id=6396, stack(0x0000000027c40000,0x0000000027d40000)]
  0x00000000307d5000 JavaThread "jar transforms Thread 137" [_thread_blocked, id=11640, stack(0x0000000027b40000,0x0000000027c40000)]
  0x00000000307da000 JavaThread "jar transforms Thread 136" [_thread_blocked, id=11636, stack(0x0000000027a40000,0x0000000027b40000)]
  0x00000000307db800 JavaThread "jar transforms Thread 135" [_thread_blocked, id=2668, stack(0x0000000027940000,0x0000000027a40000)]
  0x00000000307da800 JavaThread "jar transforms Thread 134" [_thread_blocked, id=1484, stack(0x0000000027840000,0x0000000027940000)]
  0x00000000307dc000 JavaThread "jar transforms Thread 133" [_thread_blocked, id=6732, stack(0x0000000027740000,0x0000000027840000)]
  0x000000001c218800 JavaThread "jar transforms Thread 132" [_thread_blocked, id=9612, stack(0x0000000027640000,0x0000000027740000)]
  0x000000001c21e800 JavaThread "jar transforms Thread 131" [_thread_blocked, id=3060, stack(0x0000000027540000,0x0000000027640000)]
  0x000000001c21e000 JavaThread "jar transforms Thread 130" [_thread_blocked, id=9292, stack(0x0000000027440000,0x0000000027540000)]
  0x000000001c21b000 JavaThread "jar transforms Thread 129" [_thread_blocked, id=1436, stack(0x0000000027340000,0x0000000027440000)]
  0x000000001c21c800 JavaThread "jar transforms Thread 128" [_thread_blocked, id=8236, stack(0x0000000027240000,0x0000000027340000)]
  0x000000001ccb6800 JavaThread "jar transforms Thread 127" [_thread_blocked, id=8464, stack(0x0000000027140000,0x0000000027240000)]
  0x000000001ccb9800 JavaThread "jar transforms Thread 126" [_thread_blocked, id=10280, stack(0x0000000027040000,0x0000000027140000)]
  0x000000001ccb7000 JavaThread "jar transforms Thread 125" [_thread_blocked, id=10760, stack(0x0000000026f40000,0x0000000027040000)]
  0x000000001ccb8000 JavaThread "jar transforms Thread 124" [_thread_blocked, id=10040, stack(0x0000000026e40000,0x0000000026f40000)]
  0x000000001ccb5800 JavaThread "jar transforms Thread 123" [_thread_blocked, id=11444, stack(0x0000000026d40000,0x0000000026e40000)]
  0x000000001ccb5000 JavaThread "jar transforms Thread 122" [_thread_blocked, id=11288, stack(0x0000000026c40000,0x0000000026d40000)]
  0x000000001ccb8800 JavaThread "jar transforms Thread 121" [_thread_blocked, id=4424, stack(0x0000000026b40000,0x0000000026c40000)]
  0x000000001ccaf000 JavaThread "jar transforms Thread 120" [_thread_blocked, id=12572, stack(0x0000000026a40000,0x0000000026b40000)]
  0x000000001ccb4000 JavaThread "jar transforms Thread 119" [_thread_blocked, id=992, stack(0x0000000026940000,0x0000000026a40000)]
  0x000000001ccb3800 JavaThread "jar transforms Thread 118" [_thread_blocked, id=8180, stack(0x0000000026840000,0x0000000026940000)]
  0x000000001ccb2800 JavaThread "jar transforms Thread 117" [_thread_blocked, id=1028, stack(0x0000000026740000,0x0000000026840000)]
  0x000000001ccae000 JavaThread "jar transforms Thread 116" [_thread_blocked, id=4124, stack(0x0000000026640000,0x0000000026740000)]
  0x000000001ccad800 JavaThread "jar transforms Thread 115" [_thread_blocked, id=12892, stack(0x0000000026540000,0x0000000026640000)]
  0x000000001ccb2000 JavaThread "jar transforms Thread 114" [_thread_blocked, id=13196, stack(0x0000000026440000,0x0000000026540000)]
  0x000000001ccaa800 JavaThread "jar transforms Thread 113" [_thread_blocked, id=12204, stack(0x0000000026340000,0x0000000026440000)]
  0x0000000021c22800 JavaThread "jar transforms Thread 112" [_thread_blocked, id=6824, stack(0x0000000025130000,0x0000000025230000)]
  0x0000000021c29800 JavaThread "jar transforms Thread 111" [_thread_blocked, id=1060, stack(0x0000000025030000,0x0000000025130000)]
  0x0000000021c22000 JavaThread "jar transforms Thread 110" [_thread_blocked, id=9720, stack(0x0000000024f30000,0x0000000025030000)]
  0x0000000021c28800 JavaThread "jar transforms Thread 109" [_thread_blocked, id=2860, stack(0x0000000024e30000,0x0000000024f30000)]
  0x0000000021c21000 JavaThread "jar transforms Thread 108" [_thread_blocked, id=3328, stack(0x0000000024d30000,0x0000000024e30000)]
  0x0000000021c28000 JavaThread "jar transforms Thread 107" [_thread_blocked, id=10392, stack(0x0000000024c30000,0x0000000024d30000)]
  0x0000000021c20800 JavaThread "jar transforms Thread 106" [_thread_blocked, id=4436, stack(0x0000000024b30000,0x0000000024c30000)]
  0x0000000021c26800 JavaThread "jar transforms Thread 105" [_thread_blocked, id=2272, stack(0x0000000024930000,0x0000000024a30000)]
  0x0000000021c27000 JavaThread "jar transforms Thread 104" [_thread_blocked, id=12224, stack(0x0000000024830000,0x0000000024930000)]
  0x000000002212b000 JavaThread "jar transforms Thread 103" [_thread_blocked, id=2436, stack(0x0000000024730000,0x0000000024830000)]
  0x000000002212a000 JavaThread "jar transforms Thread 102" [_thread_blocked, id=11340, stack(0x0000000024630000,0x0000000024730000)]
  0x0000000022129800 JavaThread "jar transforms Thread 101" [_thread_blocked, id=4304, stack(0x0000000024530000,0x0000000024630000)]
  0x0000000022128800 JavaThread "jar transforms Thread 100" [_thread_blocked, id=11624, stack(0x0000000024430000,0x0000000024530000)]
  0x0000000022128000 JavaThread "jar transforms Thread 99" [_thread_blocked, id=10032, stack(0x0000000024330000,0x0000000024430000)]
  0x0000000022127000 JavaThread "jar transforms Thread 98" [_thread_blocked, id=7264, stack(0x0000000024020000,0x0000000024120000)]
  0x0000000022125800 JavaThread "jar transforms Thread 97" [_thread_blocked, id=544, stack(0x0000000022a50000,0x0000000022b50000)]
  0x000000002212b800 JavaThread "jar transforms Thread 96" [_thread_blocked, id=12688, stack(0x0000000020df0000,0x0000000020ef0000)]
  0x000000002211e000 JavaThread "jar transforms Thread 95" [_thread_blocked, id=12212, stack(0x0000000020af0000,0x0000000020bf0000)]
  0x0000000022125000 JavaThread "jar transforms Thread 94" [_thread_blocked, id=7052, stack(0x000000001e350000,0x000000001e450000)]
  0x000000002211d000 JavaThread "jar transforms Thread 93" [_thread_blocked, id=7768, stack(0x000000001e250000,0x000000001e350000)]
  0x000000002211c800 JavaThread "Daemon worker Thread 2" [_thread_blocked, id=12308, stack(0x000000001d610000,0x000000001d710000)]
  0x000000002211f000 JavaThread "Daemon Thread 2" [_thread_blocked, id=11316, stack(0x0000000000c40000,0x0000000000d40000)]
  0x0000000022126800 JavaThread "Memory manager" [_thread_blocked, id=9384, stack(0x000000002c950000,0x000000002ca50000)]
  0x000000001c21d000 JavaThread "Cache worker for file content cache (C:\Users\DUYEN\.gradle\caches\6.5\fileContent)" [_thread_blocked, id=13380, stack(0x0000000022b50000,0x0000000022c50000)]
  0x000000001c21b800 JavaThread "Cache worker for execution history cache (C:\Users\DUYEN\.gradle\caches\6.5\executionHistory)" [_thread_blocked, id=2408, stack(0x0000000022350000,0x0000000022450000)]
  0x000000001c21a000 JavaThread "Cache worker for file hash cache (C:\Users\DUYEN\.gradle\caches\6.5\fileHashes)" [_thread_blocked, id=13408, stack(0x000000001e850000,0x000000001e950000)]
  0x000000001c21f800 JavaThread "File lock request listener" [_thread_in_native, id=8052, stack(0x000000001e750000,0x000000001e850000)]
  0x000000001c29d000 JavaThread "Cache worker for journal cache (C:\Users\DUYEN\.gradle\caches\journal-1)" [_thread_blocked, id=8540, stack(0x000000001e650000,0x000000001e750000)]
  0x000000001c1e6800 JavaThread "Daemon periodic checks" [_thread_blocked, id=4272, stack(0x000000001da50000,0x000000001db50000)]
  0x000000001c16c000 JavaThread "Incoming local TCP Connector on port 52484" [_thread_in_native, id=9116, stack(0x000000001d810000,0x000000001d910000)]
  0x000000001a8c3800 JavaThread "Daemon health stats" [_thread_blocked, id=7388, stack(0x000000001d1d0000,0x000000001d2d0000)]
  0x00000000199fc000 JavaThread "Service Thread" daemon [_thread_blocked, id=11912, stack(0x000000001a630000,0x000000001a730000)]
  0x000000001996c800 JavaThread "C1 CompilerThread3" daemon [_thread_blocked, id=1016, stack(0x000000001a530000,0x000000001a630000)]
=>0x0000000019968800 JavaThread "C2 CompilerThread2" daemon [_thread_in_native, id=10492, stack(0x000000001a430000,0x000000001a530000)]
  0x0000000019967000 JavaThread "C2 CompilerThread1" daemon [_thread_in_native, id=7988, stack(0x000000001a330000,0x000000001a430000)]
  0x0000000017b7d800 JavaThread "C2 CompilerThread0" daemon [_thread_in_native, id=7624, stack(0x000000001a230000,0x000000001a330000)]
  0x0000000019964000 JavaThread "Attach Listener" daemon [_thread_blocked, id=1832, stack(0x000000001a130000,0x000000001a230000)]
  0x0000000019963000 JavaThread "Signal Dispatcher" daemon [_thread_blocked, id=10896, stack(0x000000001a030000,0x000000001a130000)]
  0x0000000002afe800 JavaThread "Finalizer" daemon [_thread_blocked, id=11480, stack(0x0000000019e30000,0x0000000019f30000)]
  0x0000000017b6c800 JavaThread "Reference Handler" daemon [_thread_blocked, id=1196, stack(0x0000000019d30000,0x0000000019e30000)]
  0x00000000029fe800 JavaThread "main" [_thread_blocked, id=472, stack(0x0000000002840000,0x0000000002940000)]

Other Threads:
  0x0000000017b66000 VMThread [stack: 0x0000000019830000,0x0000000019930000] [id=14060]
  0x00000000199fd000 WatcherThread [stack: 0x000000001a730000,0x000000001a830000] [id=12812]

VM state:not at safepoint (normal execution)

VM Mutex/Monitor currently owned by a thread: None

heap address: 0x0000000080000000, size: 2048 MB, Compressed Oops mode: 32-bit
Narrow klass base: 0x0000000000000000, Narrow klass shift: 3
Compressed class space size: 1073741824 Address: 0x0000000100000000

Heap:
 PSYoungGen      total 316416K, used 210207K [0x00000000d5580000, 0x00000000edf00000, 0x0000000100000000)
  eden space 261120K, 80% used [0x00000000d5580000,0x00000000e22c7fa0,0x00000000e5480000)
  from space 55296K, 0% used [0x00000000e5480000,0x00000000e5480000,0x00000000e8a80000)
  to   space 55808K, 0% used [0x00000000ea880000,0x00000000ea880000,0x00000000edf00000)
 ParOldGen       total 118272K, used 66127K [0x0000000080000000, 0x0000000087380000, 0x00000000d5580000)
  object space 118272K, 55% used [0x0000000080000000,0x0000000084093cd8,0x0000000087380000)
 Metaspace       used 97495K, capacity 102644K, committed 103192K, reserved 1138688K
  class space    used 12961K, capacity 14026K, committed 14128K, reserved 1048576K

Card table byte_map: [0x0000000011ec0000,0x00000000122d0000] byte_map_base: 0x0000000011ac0000

Marking Bits: (ParMarkBitMap*) 0x000000006610f030
 Begin Bits: [0x0000000012d80000, 0x0000000014d80000)
 End Bits:   [0x0000000014d80000, 0x0000000016d80000)

Polling page: 0x0000000000a40000

CodeCache: size=245760Kb used=42200Kb max_used=42200Kb free=203559Kb
 bounds [0x0000000002b00000, 0x0000000005470000, 0x0000000011b00000]
 total_blobs=14056 nmethods=13073 adapters=895
 compilation: enabled

Compilation events (10 events):
Event: 1156.145 Thread 0x000000001996c800 15652       2       com.google.common.collect.ImmutableList::listIterator (6 bytes)
Event: 1156.145 Thread 0x000000001996c800 nmethod 15652 0x000000000545d250 code [0x000000000545d3c0, 0x000000000545d548]
Event: 1156.146 Thread 0x000000001996c800 15692 %     3       java.io.ObjectInputStream::defaultReadFields @ 122 (201 bytes)
Event: 1156.147 Thread 0x000000001996c800 nmethod 15692% 0x000000000545d5d0 code [0x000000000545d820, 0x000000000545e628]
Event: 1156.147 Thread 0x000000001996c800 15693 %     3       java.io.ObjectStreamClass$FieldReflector::setObjFieldValues @ 17 (248 bytes)
Event: 1156.149 Thread 0x000000001996c800 nmethod 15693% 0x000000000545ee90 code [0x000000000545f220, 0x00000000054612b8]
Event: 1156.149 Thread 0x000000001996c800 15695 % !   3       java.io.ObjectInputStream::readSerialData @ 8 (367 bytes)
Event: 1156.153 Thread 0x000000001996c800 nmethod 15695% 0x0000000005462410 code [0x00000000054627c0, 0x0000000005464a18]
Event: 1156.153 Thread 0x000000001996c800 15696       3       java.io.ObjectInputStream::defaultReadFields (201 bytes)
Event: 1156.154 Thread 0x000000001996c800 nmethod 15696 0x0000000005466250 code [0x00000000054664a0, 0x0000000005467128]

GC Heap History (10 events):
Event: 8.556 GC heap before
{Heap before GC invocations=17 (full 3):
 PSYoungGen      total 224256K, used 222130K [0x00000000d5580000, 0x00000000e6f00000, 0x0000000100000000)
  eden space 204800K, 100% used [0x00000000d5580000,0x00000000e1d80000,0x00000000e1d80000)
  from space 19456K, 89% used [0x00000000e1d80000,0x00000000e2e6cbe8,0x00000000e3080000)
  to   space 21504K, 0% used [0x00000000e5a00000,0x00000000e5a00000,0x00000000e6f00000)
 ParOldGen       total 118272K, used 29961K [0x0000000080000000, 0x0000000087380000, 0x00000000d5580000)
  object space 118272K, 25% used [0x0000000080000000,0x0000000081d42490,0x0000000087380000)
 Metaspace       used 69701K, capacity 73568K, committed 73752K, reserved 1112064K
  class space    used 9759K, capacity 10479K, committed 10544K, reserved 1048576K
Event: 8.606 GC heap after
Heap after GC invocations=17 (full 3):
 PSYoungGen      total 247808K, used 21488K [0x00000000d5580000, 0x00000000e9800000, 0x0000000100000000)
  eden space 226304K, 0% used [0x00000000d5580000,0x00000000d5580000,0x00000000e3280000)
  from space 21504K, 99% used [0x00000000e5a00000,0x00000000e6efc090,0x00000000e6f00000)
  to   space 40448K, 0% used [0x00000000e3280000,0x00000000e3280000,0x00000000e5a00000)
 ParOldGen       total 118272K, used 73155K [0x0000000080000000, 0x0000000087380000, 0x00000000d5580000)
  object space 118272K, 61% used [0x0000000080000000,0x0000000084770de0,0x0000000087380000)
 Metaspace       used 69701K, capacity 73568K, committed 73752K, reserved 1112064K
  class space    used 9759K, capacity 10479K, committed 10544K, reserved 1048576K
}
Event: 10.495 GC heap before
{Heap before GC invocations=18 (full 3):
 PSYoungGen      total 247808K, used 247792K [0x00000000d5580000, 0x00000000e9800000, 0x0000000100000000)
  eden space 226304K, 100% used [0x00000000d5580000,0x00000000e3280000,0x00000000e3280000)
  from space 21504K, 99% used [0x00000000e5a00000,0x00000000e6efc090,0x00000000e6f00000)
  to   space 40448K, 0% used [0x00000000e3280000,0x00000000e3280000,0x00000000e5a00000)
 ParOldGen       total 118272K, used 73155K [0x0000000080000000, 0x0000000087380000, 0x00000000d5580000)
  object space 118272K, 61% used [0x0000000080000000,0x0000000084770de0,0x0000000087380000)
 Metaspace       used 75243K, capacity 79862K, committed 80024K, reserved 1118208K
  class space    used 10502K, capacity 11380K, committed 11440K, reserved 1048576K
Event: 10.519 GC heap after
Heap after GC invocations=18 (full 3):
 PSYoungGen      total 266752K, used 34847K [0x00000000d5580000, 0x00000000eb680000, 0x0000000100000000)
  eden space 226304K, 0% used [0x00000000d5580000,0x00000000d5580000,0x00000000e3280000)
  from space 40448K, 86% used [0x00000000e3280000,0x00000000e5487c48,0x00000000e5a00000)
  to   space 45056K, 0% used [0x00000000e8a80000,0x00000000e8a80000,0x00000000eb680000)
 ParOldGen       total 118272K, used 73163K [0x0000000080000000, 0x0000000087380000, 0x00000000d5580000)
  object space 118272K, 61% used [0x0000000080000000,0x0000000084772de0,0x0000000087380000)
 Metaspace       used 75243K, capacity 79862K, committed 80024K, reserved 1118208K
  class space    used 10502K, capacity 11380K, committed 11440K, reserved 1048576K
}
Event: 1117.249 GC heap before
{Heap before GC invocations=19 (full 3):
 PSYoungGen      total 266752K, used 261151K [0x00000000d5580000, 0x00000000eb680000, 0x0000000100000000)
  eden space 226304K, 100% used [0x00000000d5580000,0x00000000e3280000,0x00000000e3280000)
  from space 40448K, 86% used [0x00000000e3280000,0x00000000e5487c48,0x00000000e5a00000)
  to   space 45056K, 0% used [0x00000000e8a80000,0x00000000e8a80000,0x00000000eb680000)
 ParOldGen       total 118272K, used 73163K [0x0000000080000000, 0x0000000087380000, 0x00000000d5580000)
  object space 118272K, 61% used [0x0000000080000000,0x0000000084772de0,0x0000000087380000)
 Metaspace       used 87034K, capacity 92444K, committed 92696K, reserved 1128448K
  class space    used 11801K, capacity 12825K, committed 12848K, reserved 1048576K
Event: 1117.284 GC heap after
Heap after GC invocations=19 (full 3):
 PSYoungGen      total 306176K, used 45050K [0x00000000d5580000, 0x00000000ec280000, 0x0000000100000000)
  eden space 261120K, 0% used [0x00000000d5580000,0x00000000d5580000,0x00000000e5480000)
  from space 45056K, 99% used [0x00000000e8a80000,0x00000000eb67ea38,0x00000000eb680000)
  to   space 55296K, 0% used [0x00000000e5480000,0x00000000e5480000,0x00000000e8a80000)
 ParOldGen       total 118272K, used 80283K [0x0000000080000000, 0x0000000087380000, 0x00000000d5580000)
  object space 118272K, 67% used [0x0000000080000000,0x0000000084e66cc8,0x0000000087380000)
 Metaspace       used 87034K, capacity 92444K, committed 92696K, reserved 1128448K
  class space    used 11801K, capacity 12825K, committed 12848K, reserved 1048576K
}
Event: 1118.643 GC heap before
{Heap before GC invocations=20 (full 3):
 PSYoungGen      total 306176K, used 211557K [0x00000000d5580000, 0x00000000ec280000, 0x0000000100000000)
  eden space 261120K, 63% used [0x00000000d5580000,0x00000000df81abd0,0x00000000e5480000)
  from space 45056K, 99% used [0x00000000e8a80000,0x00000000eb67ea38,0x00000000eb680000)
  to   space 55296K, 0% used [0x00000000e5480000,0x00000000e5480000,0x00000000e8a80000)
 ParOldGen       total 118272K, used 80283K [0x0000000080000000, 0x0000000087380000, 0x00000000d5580000)
  object space 118272K, 67% used [0x0000000080000000,0x0000000084e66cc8,0x0000000087380000)
 Metaspace       used 92834K, capacity 98488K, committed 98600K, reserved 1134592K
  class space    used 12576K, capacity 13677K, committed 13744K, reserved 1048576K
Event: 1118.678 GC heap after
Heap after GC invocations=20 (full 3):
 PSYoungGen      total 316416K, used 31763K [0x00000000d5580000, 0x00000000edf00000, 0x0000000100000000)
  eden space 261120K, 0% used [0x00000000d5580000,0x00000000d5580000,0x00000000e5480000)
  from space 55296K, 57% used [0x00000000e5480000,0x00000000e7384ec8,0x00000000e8a80000)
  to   space 55808K, 0% used [0x00000000ea880000,0x00000000ea880000,0x00000000edf00000)
 ParOldGen       total 118272K, used 100162K [0x0000000080000000, 0x0000000087380000, 0x00000000d5580000)
  object space 118272K, 84% used [0x0000000080000000,0x00000000861d0b10,0x0000000087380000)
 Metaspace       used 92834K, capacity 98488K, committed 98600K, reserved 1134592K
  class space    used 12576K, capacity 13677K, committed 13744K, reserved 1048576K
}
Event: 1118.678 GC heap before
{Heap before GC invocations=21 (full 4):
 PSYoungGen      total 316416K, used 31763K [0x00000000d5580000, 0x00000000edf00000, 0x0000000100000000)
  eden space 261120K, 0% used [0x00000000d5580000,0x00000000d5580000,0x00000000e5480000)
  from space 55296K, 57% used [0x00000000e5480000,0x00000000e7384ec8,0x00000000e8a80000)
  to   space 55808K, 0% used [0x00000000ea880000,0x00000000ea880000,0x00000000edf00000)
 ParOldGen       total 118272K, used 100162K [0x0000000080000000, 0x0000000087380000, 0x00000000d5580000)
  object space 118272K, 84% used [0x0000000080000000,0x00000000861d0b10,0x0000000087380000)
 Metaspace       used 92834K, capacity 98488K, committed 98600K, reserved 1134592K
  class space    used 12576K, capacity 13677K, committed 13744K, reserved 1048576K
Event: 1118.821 GC heap after
Heap after GC invocations=21 (full 4):
 PSYoungGen      total 316416K, used 0K [0x00000000d5580000, 0x00000000edf00000, 0x0000000100000000)
  eden space 261120K, 0% used [0x00000000d5580000,0x00000000d5580000,0x00000000e5480000)
  from space 55296K, 0% used [0x00000000e5480000,0x00000000e5480000,0x00000000e8a80000)
  to   space 55808K, 0% used [0x00000000ea880000,0x00000000ea880000,0x00000000edf00000)
 ParOldGen       total 118272K, used 66127K [0x0000000080000000, 0x0000000087380000, 0x00000000d5580000)
  object space 118272K, 55% used [0x0000000080000000,0x0000000084093cd8,0x0000000087380000)
 Metaspace       used 92391K, capacity 97198K, committed 98600K, reserved 1134592K
  class space    used 12433K, capacity 13433K, committed 13744K, reserved 1048576K
}

Deoptimization events (10 events):
Event: 1156.037 Thread 0x0000000021ed7000 Uncommon trap: reason=bimorphic action=maybe_recompile pc=0x00000000052eca08 method=com.sun.org.apache.xerces.internal.dom.ParentNode.checkNormalizationAfterInsert(Lcom/sun/org/apache/xerces/internal/dom/ChildNode;)V @ 23
Event: 1156.037 Thread 0x0000000021ed7000 Uncommon trap: reason=bimorphic action=maybe_recompile pc=0x00000000052eca08 method=com.sun.org.apache.xerces.internal.dom.ParentNode.checkNormalizationAfterInsert(Lcom/sun/org/apache/xerces/internal/dom/ChildNode;)V @ 23
Event: 1156.037 Thread 0x0000000021ed7000 Uncommon trap: reason=bimorphic action=maybe_recompile pc=0x00000000051d90b4 method=com.sun.org.apache.xerces.internal.dom.ParentNode.checkNormalizationAfterInsert(Lcom/sun/org/apache/xerces/internal/dom/ChildNode;)V @ 23
Event: 1156.041 Thread 0x0000000021ed7000 Uncommon trap: reason=class_check action=maybe_recompile pc=0x00000000053bb4f0 method=com.sun.org.apache.xerces.internal.dom.ElementImpl.getAttributes()Lorg/w3c/dom/NamedNodeMap; @ 8
Event: 1156.046 Thread 0x0000000021ed7000 Uncommon trap: reason=class_check action=maybe_recompile pc=0x00000000053bb4f0 method=com.sun.org.apache.xerces.internal.dom.ElementImpl.getAttributes()Lorg/w3c/dom/NamedNodeMap; @ 8
Event: 1156.046 Thread 0x0000000021ed7000 Uncommon trap: reason=class_check action=maybe_recompile pc=0x00000000053bb4f0 method=com.sun.org.apache.xerces.internal.dom.ElementImpl.getAttributes()Lorg/w3c/dom/NamedNodeMap; @ 8
Event: 1156.046 Thread 0x0000000021ed7000 Uncommon trap: reason=class_check action=maybe_recompile pc=0x00000000053bb4f0 method=com.sun.org.apache.xerces.internal.dom.ElementImpl.getAttributes()Lorg/w3c/dom/NamedNodeMap; @ 8
Event: 1156.066 Thread 0x0000000021ed7000 Uncommon trap: reason=unstable_if action=reinterpret pc=0x00000000053016f8 method=com.android.utils.XmlUtils.toXmlAttributeValue(Ljava/lang/String;)Ljava/lang/String; @ 33
Event: 1156.084 Thread 0x0000000021ed7000 Uncommon trap: reason=unstable_if action=reinterpret pc=0x00000000053fc630 method=sun.nio.cs.UTF_8$Encoder.encodeArrayLoop(Ljava/nio/CharBuffer;Ljava/nio/ByteBuffer;)Ljava/nio/charset/CoderResult; @ 175
Event: 1156.085 Thread 0x0000000021ed7000 Uncommon trap: reason=unstable_if action=reinterpret pc=0x00000000045e0a54 method=sun.nio.cs.UTF_8$Encoder.encodeArrayLoop(Ljava/nio/CharBuffer;Ljava/nio/ByteBuffer;)Ljava/nio/charset/CoderResult; @ 400

Classes redefined (0 events):
No events

Internal exceptions (10 events):
Event: 1155.677 Thread 0x0000000021ed7000 Exception <a 'java/lang/NoSuchMethodError': <clinit>> (0x00000000dea24c00) thrown at [C:\src\AOSP-openjdk-git\hotspot\src\share\vm\prims\jni.cpp, line 1615]
Event: 1155.678 Thread 0x0000000021ed7000 Exception <a 'java/lang/NoSuchMethodError': <clinit>> (0x00000000dea421c8) thrown at [C:\src\AOSP-openjdk-git\hotspot\src\share\vm\prims\jni.cpp, line 1615]
Event: 1155.679 Thread 0x0000000021ed7000 Exception <a 'java/lang/NoSuchMethodError': <clinit>> (0x00000000dea55458) thrown at [C:\src\AOSP-openjdk-git\hotspot\src\share\vm\prims\jni.cpp, line 1615]
Event: 1155.709 Thread 0x0000000021ed7000 Exception <a 'java/lang/NoSuchMethodError': <clinit>> (0x00000000def6f5c8) thrown at [C:\src\AOSP-openjdk-git\hotspot\src\share\vm\prims\jni.cpp, line 1615]
Event: 1155.731 Thread 0x000000001c715800 Exception <a 'java/io/FileNotFoundException'> (0x00000000def9d8c0) thrown at [C:\src\AOSP-openjdk-git\hotspot\src\share\vm\prims\jni.cpp, line 710]
Event: 1155.743 Thread 0x0000000021ed7000 Implicit null exception at 0x000000000431ce32 to 0x000000000431d615
Event: 1155.758 Thread 0x000000001c715800 Exception <a 'java/io/FileNotFoundException'> (0x00000000df23ab78) thrown at [C:\src\AOSP-openjdk-git\hotspot\src\share\vm\prims\jni.cpp, line 710]
Event: 1156.110 Thread 0x0000000021ed7000 Exception <a 'java/lang/NoSuchMethodError': <clinit>> (0x00000000e1a30040) thrown at [C:\src\AOSP-openjdk-git\hotspot\src\share\vm\prims\jni.cpp, line 1615]
Event: 1156.111 Thread 0x0000000021ed7000 Exception <a 'java/lang/NoSuchMethodError': <clinit>> (0x00000000e1a40478) thrown at [C:\src\AOSP-openjdk-git\hotspot\src\share\vm\prims\jni.cpp, line 1615]
Event: 1156.112 Thread 0x0000000021ed7000 Exception <a 'java/lang/NoSuchMethodError': <clinit>> (0x00000000e1a53b20) thrown at [C:\src\AOSP-openjdk-git\hotspot\src\share\vm\prims\jni.cpp, line 1615]

Events (10 events):
Event: 1156.150 Thread 0x000000001c715000 Thread added: 0x000000001c715000
Event: 1156.150 Thread 0x000000001c718000 Thread added: 0x000000001c718000
Event: 1156.150 Thread 0x000000001c711000 Thread added: 0x000000001c711000
Event: 1156.150 Thread 0x0000000021263000 Thread added: 0x0000000021263000
Event: 1156.153 Thread 0x0000000021261000 Thread added: 0x0000000021261000
Event: 1156.153 Thread 0x0000000021264000 Thread added: 0x0000000021264000
Event: 1156.156 Thread 0x0000000021261800 Thread added: 0x0000000021261800
Event: 1156.156 Thread 0x0000000021265800 Thread added: 0x0000000021265800
Event: 1156.159 Thread 0x0000000021262800 Thread added: 0x0000000021262800
Event: 1156.159 Thread 0x0000000021264800 Thread added: 0x0000000021264800


Dynamic libraries:
0x00007ff73b6a0000 - 0x00007ff73b6d1000 	C:\Program Files\Android\Android Studio\jre\bin\java.exe
0x00007ff937680000 - 0x00007ff937870000 	C:\Windows\SYSTEM32\ntdll.dll
0x00007ff9367f0000 - 0x00007ff9368a2000 	C:\Windows\System32\KERNEL32.DLL
0x00007ff9345f0000 - 0x00007ff934895000 	C:\Windows\System32\KERNELBASE.dll
0x00007ff936610000 - 0x00007ff9366b3000 	C:\Windows\System32\ADVAPI32.dll
0x00007ff936b00000 - 0x00007ff936b9e000 	C:\Windows\System32\msvcrt.dll
0x00007ff9374c0000 - 0x00007ff937557000 	C:\Windows\System32\sechost.dll
0x00007ff936ba0000 - 0x00007ff936cc0000 	C:\Windows\System32\RPCRT4.dll
0x00007ff936420000 - 0x00007ff9365b4000 	C:\Windows\System32\USER32.dll
0x00007ff934cf0000 - 0x00007ff934d11000 	C:\Windows\System32\win32u.dll
0x00007ff9365e0000 - 0x00007ff936606000 	C:\Windows\System32\GDI32.dll
0x00007ff934af0000 - 0x00007ff934c86000 	C:\Windows\System32\gdi32full.dll
0x00007ff935540000 - 0x00007ff9355de000 	C:\Windows\System32\msvcp_win.dll
0x00007ff9348a0000 - 0x00007ff93499a000 	C:\Windows\System32\ucrtbase.dll
0x00007ff925f60000 - 0x00007ff9261e4000 	C:\Windows\WinSxS\amd64_microsoft.windows.common-controls_6595b64144ccf1df_6.0.18362.1256_none_9e7e379be45e40e2\COMCTL32.dll
0x00007ff9358e0000 - 0x00007ff935c16000 	C:\Windows\System32\combase.dll
0x00007ff9354b0000 - 0x00007ff935531000 	C:\Windows\System32\bcryptPrimitives.dll
0x00007ff936980000 - 0x00007ff9369ae000 	C:\Windows\System32\IMM32.DLL
0x0000000066a10000 - 0x0000000066ae2000 	C:\Program Files\Android\Android Studio\jre\jre\bin\msvcr100.dll
0x0000000065940000 - 0x000000006618b000 	C:\Program Files\Android\Android Studio\jre\jre\bin\server\jvm.dll
0x00007ff936f50000 - 0x00007ff936f58000 	C:\Windows\System32\PSAPI.DLL
0x00007ff916300000 - 0x00007ff916309000 	C:\Windows\SYSTEM32\WSOCK32.dll
0x00007ff92ea90000 - 0x00007ff92ea9a000 	C:\Windows\SYSTEM32\VERSION.dll
0x00007ff930bb0000 - 0x00007ff930bd4000 	C:\Windows\SYSTEM32\WINMM.dll
0x00007ff9373d0000 - 0x00007ff93743f000 	C:\Windows\System32\WS2_32.dll
0x00007ff930b80000 - 0x00007ff930bad000 	C:\Windows\SYSTEM32\WINMMBASE.dll
0x00007ff9349a0000 - 0x00007ff9349ea000 	C:\Windows\System32\cfgmgr32.dll
0x00007ff930d20000 - 0x00007ff930d2f000 	C:\Program Files\Android\Android Studio\jre\jre\bin\verify.dll
0x00007ff929450000 - 0x00007ff929479000 	C:\Program Files\Android\Android Studio\jre\jre\bin\java.dll
0x00007ff930020000 - 0x00007ff930036000 	C:\Program Files\Android\Android Studio\jre\jre\bin\zip.dll
0x00007ff935c20000 - 0x00007ff936307000 	C:\Windows\System32\SHELL32.dll
0x00007ff936310000 - 0x00007ff9363b9000 	C:\Windows\System32\shcore.dll
0x00007ff934d20000 - 0x00007ff9354a1000 	C:\Windows\System32\windows.storage.dll
0x00007ff934530000 - 0x00007ff934553000 	C:\Windows\System32\profapi.dll
0x00007ff934560000 - 0x00007ff9345aa000 	C:\Windows\System32\powrprof.dll
0x00007ff934520000 - 0x00007ff934530000 	C:\Windows\System32\UMPDC.dll
0x00007ff936790000 - 0x00007ff9367e2000 	C:\Windows\System32\shlwapi.dll
0x00007ff9345b0000 - 0x00007ff9345c1000 	C:\Windows\System32\kernel.appcore.dll
0x00007ff934aa0000 - 0x00007ff934ab7000 	C:\Windows\System32\cryptsp.dll
0x00007ff92ff40000 - 0x00007ff92ff5a000 	C:\Program Files\Android\Android Studio\jre\jre\bin\net.dll
0x00007ff933d70000 - 0x00007ff933dd7000 	C:\Windows\system32\mswsock.dll
0x00007ff929430000 - 0x00007ff929443000 	C:\Program Files\Android\Android Studio\jre\jre\bin\nio.dll
0x00007ff925af0000 - 0x00007ff925b17000 	C:\Users\DUYEN\.gradle\native\f6784746aeab05261644944871eae4fe03e0ef1612fff0a4a95f87b438bc6780\windows-amd64\native-platform.dll
0x00007ff92fee0000 - 0x00007ff92feed000 	C:\Program Files\Android\Android Studio\jre\jre\bin\management.dll
0x00007ff9338e0000 - 0x00007ff933913000 	C:\Windows\system32\rsaenh.dll
0x00007ff934ac0000 - 0x00007ff934ae6000 	C:\Windows\System32\bcrypt.dll
0x00007ff934440000 - 0x00007ff934465000 	C:\Windows\SYSTEM32\USERENV.dll
0x00007ff933f40000 - 0x00007ff933f4c000 	C:\Windows\SYSTEM32\CRYPTBASE.dll
0x00007ff933a80000 - 0x00007ff933aba000 	C:\Windows\SYSTEM32\IPHLPAPI.DLL
0x00007ff9369b0000 - 0x00007ff9369b8000 	C:\Windows\System32\NSI.dll
0x00007ff929a40000 - 0x00007ff929a56000 	C:\Windows\SYSTEM32\dhcpcsvc6.DLL
0x00007ff92ade0000 - 0x00007ff92adfc000 	C:\Windows\SYSTEM32\dhcpcsvc.DLL
0x00007ff933ac0000 - 0x00007ff933b8b000 	C:\Windows\SYSTEM32\DNSAPI.dll
0x00007ff92c490000 - 0x00007ff92c49b000 	C:\Windows\SYSTEM32\WINNSI.DLL
0x00007ff9242c0000 - 0x00007ff92445c000 	C:\Program Files\Android\Android Studio\jre\jre\bin\awt.dll
0x00007ff9366c0000 - 0x00007ff936785000 	C:\Windows\System32\OLEAUT32.dll
0x00007ff9328f0000 - 0x00007ff93291d000 	C:\Windows\SYSTEM32\dwmapi.dll
0x00007ff930f10000 - 0x00007ff9314d0000 	C:\Windows\SYSTEM32\d2d1.dll
0x00007ff9323c0000 - 0x00007ff93244f000 	C:\Windows\SYSTEM32\apphelp.dll
0x00007ff9324c0000 - 0x00007ff932559000 	C:\Windows\system32\uxtheme.dll

VM Arguments:
jvm_args: -Xmx2048m -Dfile.encoding=UTF-8 -Duser.country=US -Duser.language=en -Duser.variant 
java_command: org.gradle.launcher.daemon.bootstrap.GradleDaemon 6.5
java_class_path (initial): C:\Users\DUYEN\.gradle\wrapper\dists\gradle-6.5-bin\6nifqtx7604sqp1q6g8wikw7p\gradle-6.5\lib\gradle-launcher-6.5.jar
Launcher Type: SUN_STANDARD

Environment Variables:
JAVA_HOME=C:\Program Files\Java\jdk1.8.0_181
PATH=C:\Program Files\Common Files\Oracle\Java\javapath;C:\Windows\system32;C:\Windows;C:\Windows\System32\Wbem;C:\Windows\System32\WindowsPowerShell\v1.0\;C:\Windows\System32\OpenSSH\;C:\Program Files\Git\cmd;D:\project\software\apache-maven-3.6.3\bin;C:\Program Files\Java\jdk1.8.0_181\bin;C:\Program Files\nodejs\;C:\Program Files\Microsoft SQL Server\Client SDK\ODBC\110\Tools\Binn\;C:\Program Files\Azure Data Studio\bin;C:\Program Files\Microsoft SQL Server\Client SDK\ODBC\170\Tools\Binn\;C:\Program Files (x86)\Microsoft SQL Server\150\Tools\Binn\;C:\Program Files\Microsoft SQL Server\150\Tools\Binn\;C:\Program Files\Microsoft SQL Server\150\DTS\Binn\;C:\Program Files (x86)\Microsoft SQL Server\150\DTS\Binn\;C:\Users\DUYEN\AppData\Roaming\npm;C:\Users\DUYEN\AppData\Local\Programs\Microsoft VS Code\bin
USERNAME=DUYEN
OS=Windows_NT
PROCESSOR_IDENTIFIER=Intel64 Family 6 Model 126 Stepping 5, GenuineIntel



---------------  S Y S T E M  ---------------

OS: Windows 10.0 , 64 bit Build 18362 (10.0.18362.1110)

CPU:total 8 (initial active 8) (4 cores per cpu, 2 threads per core) family 6 model 126 stepping 5, cmov, cx8, fxsr, mmx, sse, sse2, sse3, ssse3, sse4.1, sse4.2, popcnt, avx, avx2, aes, clmul, erms, 3dnowpref, lzcnt, ht, tsc, tscinvbit, bmi1, bmi2, adx

Memory: 4k page, physical 8150496k(958912k free), swap 10085856k(4100k free)

vm_info: OpenJDK 64-Bit Server VM (25.242-b01) for windows-amd64 JRE (1.8.0_242-release-1644-b01), built by "builder" with MS VC++ 10.0 (VS2010)

time: Sat Dec 26 10:41:40 2020
timezone: SE Asia Standard Time
elapsed time: 1156 seconds (0d 0h 19m 16s)

