#
# There is insufficient memory for the Java Runtime Environment to continue.
# Native memory allocation (malloc) failed to allocate 814016 bytes for Chunk::new
# Possible reasons:
#   The system is out of physical RAM or swap space
#   The process is running with CompressedOops enabled, and the Java Heap may be blocking the growth of the native heap
# Possible solutions:
#   Reduce memory load on the system
#   Increase physical memory or swap space
#   Check if swap backing store is full
#   Decrease Java heap size (-Xmx/-Xms)
#   Decrease number of Java threads
#   Decrease Java thread stack sizes (-Xss)
#   Set larger code cache with -XX:ReservedCodeCacheSize=
#   JVM is running with Unscaled Compressed Oops mode in which the Java heap is
#     placed in the first 4GB address space. The Java Heap base address is the
#     maximum limit for the native heap growth. Please use -XX:HeapBaseMinAddress
#     to set the Java Heap base and to place the Java Heap above 4GB virtual address.
# This output file may be truncated or incomplete.
#
#  Out of Memory Error (allocation.cpp:389), pid=7600, tid=0x0000000000000630
#
# JRE version: OpenJDK Runtime Environment (8.0_242-b01) (build 1.8.0_242-release-1644-b01)
# Java VM: OpenJDK 64-Bit Server VM (25.242-b01 mixed mode windows-amd64 compressed oops)
# Failed to write core dump. Minidumps are not enabled by default on client versions of Windows
#

---------------  T H R E A D  ---------------

Current thread (0x0000000019c89000):  JavaThread "C2 CompilerThread2" daemon [_thread_in_native, id=1584, stack(0x000000001a750000,0x000000001a850000)]

Stack: [0x000000001a750000,0x000000001a850000]
[error occurred during error reporting (printing stack bounds), id 0xc0000005]

Native frames: (J=compiled Java code, j=interpreted, Vv=VM code, C=native code)


Current CompileTask:
C2:  15707 14473 %     4       com.android.tools.r8.z.a.a.f::a @ 1664 (3630 bytes)


---------------  P R O C E S S  ---------------

Java Threads: ( => current thread )
  0x000000001b10b000 JavaThread "WorkerExecutor Queue Thread 13" [_thread_blocked, id=11900, stack(0x0000000038470000,0x0000000038570000)]
  0x000000001b10a000 JavaThread "WorkerExecutor Queue Thread 12" [_thread_blocked, id=6036, stack(0x0000000038370000,0x0000000038470000)]
  0x000000001b110000 JavaThread "WorkerExecutor Queue Thread 11" [_thread_blocked, id=13836, stack(0x0000000038270000,0x0000000038370000)]
  0x000000001b109800 JavaThread "WorkerExecutor Queue Thread 10" [_thread_blocked, id=1204, stack(0x0000000038170000,0x0000000038270000)]
  0x000000001b108800 JavaThread "WorkerExecutor Queue Thread 9" [_thread_blocked, id=992, stack(0x000000002ea10000,0x000000002eb10000)]
  0x000000001b10f800 JavaThread "Cache worker for Java compile cache (E:\BTAndroid\Homework5\SQLiteExamplesWed\.gradle\6.5\javaCompile)" [_thread_blocked, id=4664, stack(0x000000002e810000,0x000000002e910000)]
  0x000000001b10b800 JavaThread "Cache worker for Java compile cache (C:\Users\DUYEN\.gradle\caches\6.5\javaCompile)" [_thread_blocked, id=13432, stack(0x000000002e710000,0x000000002e810000)]
  0x000000001b108000 JavaThread "stdout" [_thread_in_native, id=7052, stack(0x0000000030010000,0x0000000030110000)]
  0x000000001b102000 JavaThread "stderr" [_thread_in_native, id=11424, stack(0x000000002ff10000,0x0000000030010000)]
  0x000000001b102800 JavaThread "stdout" [_thread_in_native, id=12812, stack(0x000000002fe10000,0x000000002ff10000)]
  0x000000001b107000 JavaThread "stderr" [_thread_in_native, id=7388, stack(0x000000002fd10000,0x000000002fe10000)]
  0x000000001b105800 JavaThread "stdout" [_thread_in_native, id=7988, stack(0x000000002fc10000,0x000000002fd10000)]
  0x000000001b105000 JavaThread "stderr" [_thread_in_native, id=7624, stack(0x000000002fb10000,0x000000002fc10000)]
  0x000000001b104000 JavaThread "stdout" [_thread_in_native, id=10896, stack(0x000000002fa10000,0x000000002fb10000)]
  0x000000001b106800 JavaThread "stderr" [_thread_in_native, id=11480, stack(0x000000002f910000,0x000000002fa10000)]
  0x0000000019fd0800 JavaThread "stdout" [_thread_in_native, id=12996, stack(0x000000002f810000,0x000000002f910000)]
  0x0000000019fd4800 JavaThread "stderr" [_thread_in_native, id=1200, stack(0x000000002f710000,0x000000002f810000)]
  0x0000000019fcf800 JavaThread "stdout" [_thread_in_native, id=8472, stack(0x000000002f610000,0x000000002f710000)]
  0x0000000019fd3800 JavaThread "stderr" [_thread_in_native, id=140, stack(0x000000002f510000,0x000000002f610000)]
  0x0000000019fd1000 JavaThread "stdout" [_thread_in_native, id=14180, stack(0x000000002f410000,0x000000002f510000)]
  0x0000000019fd3000 JavaThread "stderr" [_thread_in_native, id=9028, stack(0x000000002f310000,0x000000002f410000)]
  0x0000000019fcf000 JavaThread "stdout" [_thread_in_native, id=9092, stack(0x000000002f210000,0x000000002f310000)]
  0x0000000019fd2000 JavaThread "stderr" [_thread_in_native, id=4036, stack(0x000000002f110000,0x000000002f210000)]
  0x0000000019fc9800 JavaThread "pool-2-thread-1" [_thread_blocked, id=9644, stack(0x000000002f010000,0x000000002f110000)]
  0x0000000019fce000 JavaThread "MarlinRenderer Disposer" daemon [_thread_blocked, id=10780, stack(0x000000002ef10000,0x000000002f010000)]
  0x0000000019fcd800 JavaThread "Java2D Disposer" daemon [_thread_blocked, id=7504, stack(0x000000002ee10000,0x000000002ef10000)]
  0x0000000019fc6000 JavaThread "WorkerExecutor Queue Thread 8" [_thread_blocked, id=4828, stack(0x000000002eb10000,0x000000002ec10000)]
  0x0000000019fc9000 JavaThread "WorkerExecutor Queue Thread 6" [_thread_in_native, id=13640, stack(0x000000002e910000,0x000000002ea10000)]
  0x000000001cea3800 JavaThread "WorkerExecutor Queue" [_thread_blocked, id=8196, stack(0x000000002cff0000,0x000000002d0f0000)]
  0x000000001ce9b800 JavaThread "Cache worker for execution history cache (E:\BTAndroid\Homework5\SQLiteExamplesWed\.gradle\6.5\executionHistory)" [_thread_blocked, id=9624, stack(0x000000002c6a0000,0x000000002c7a0000)]
  0x000000001cea2000 JavaThread "Execution worker for ':' Thread 7" [_thread_blocked, id=9984, stack(0x000000002cdf0000,0x000000002cef0000)]
  0x000000001cea0800 JavaThread "Execution worker for ':' Thread 6" [_thread_blocked, id=7164, stack(0x000000002ccf0000,0x000000002cdf0000)]
  0x000000001ce9f000 JavaThread "Execution worker for ':' Thread 5" [_thread_blocked, id=14056, stack(0x000000002cbf0000,0x000000002ccf0000)]
  0x000000001cea1800 JavaThread "Execution worker for ':' Thread 4" [_thread_blocked, id=3552, stack(0x000000002caf0000,0x000000002cbf0000)]
  0x000000001cea0000 JavaThread "Execution worker for ':' Thread 3" [_thread_blocked, id=2180, stack(0x000000002c9f0000,0x000000002caf0000)]
  0x000000001ce97800 JavaThread "Execution worker for ':' Thread 2" [_thread_blocked, id=11648, stack(0x000000002c8f0000,0x000000002c9f0000)]
  0x000000001ce9e800 JavaThread "Execution worker for ':'" [_thread_blocked, id=12636, stack(0x000000002c7f0000,0x000000002c8f0000)]
  0x000000001ce99000 JavaThread "Cache worker for file content cache (E:\BTAndroid\Homework5\SQLiteExamplesWed\.gradle\6.5\fileContent)" [_thread_blocked, id=13980, stack(0x000000002b4f0000,0x000000002b5f0000)]
  0x000000001ce9a800 JavaThread "Memory manager" [_thread_blocked, id=1984, stack(0x000000002c0d0000,0x000000002c1d0000)]
  0x000000001ce97000 JavaThread "pool-1-thread-1" [_thread_blocked, id=6280, stack(0x000000002adb0000,0x000000002aeb0000)]
  0x000000001ce9d000 JavaThread "Cache worker for Build Output Cleanup Cache (E:\BTAndroid\Homework5\SQLiteExamplesWed\.gradle\buildOutputCleanup)" [_thread_blocked, id=5556, stack(0x0000000024450000,0x0000000024550000)]
  0x000000001ce9a000 JavaThread "jar transforms Thread 92" [_thread_blocked, id=2488, stack(0x0000000029ce0000,0x0000000029de0000)]
  0x000000001ce98800 JavaThread "jar transforms Thread 91" [_thread_blocked, id=3704, stack(0x0000000029be0000,0x0000000029ce0000)]
  0x00000000205e3800 JavaThread "jar transforms Thread 90" [_thread_blocked, id=12976, stack(0x0000000029ae0000,0x0000000029be0000)]
  0x00000000205e4000 JavaThread "jar transforms Thread 89" [_thread_blocked, id=13440, stack(0x00000000299e0000,0x0000000029ae0000)]
  0x00000000205e2800 JavaThread "jar transforms Thread 88" [_thread_blocked, id=13276, stack(0x00000000298e0000,0x00000000299e0000)]
  0x00000000205e2000 JavaThread "jar transforms Thread 87" [_thread_blocked, id=13708, stack(0x00000000297e0000,0x00000000298e0000)]
  0x00000000205e5000 JavaThread "jar transforms Thread 86" [_thread_blocked, id=7420, stack(0x00000000296e0000,0x00000000297e0000)]
  0x00000000205db000 JavaThread "jar transforms Thread 85" [_thread_blocked, id=8972, stack(0x00000000295e0000,0x00000000296e0000)]
  0x00000000205da800 JavaThread "jar transforms Thread 84" [_thread_blocked, id=8348, stack(0x00000000294e0000,0x00000000295e0000)]
  0x00000000205e0800 JavaThread "jar transforms Thread 83" [_thread_blocked, id=12588, stack(0x00000000293e0000,0x00000000294e0000)]
  0x00000000205df000 JavaThread "jar transforms Thread 82" [_thread_blocked, id=2028, stack(0x00000000292e0000,0x00000000293e0000)]
  0x00000000205df800 JavaThread "jar transforms Thread 81" [_thread_blocked, id=3980, stack(0x00000000291e0000,0x00000000292e0000)]
  0x00000000205dd800 JavaThread "jar transforms Thread 80" [_thread_blocked, id=14144, stack(0x00000000290e0000,0x00000000291e0000)]
  0x00000000205e1000 JavaThread "jar transforms Thread 79" [_thread_blocked, id=10120, stack(0x0000000028fe0000,0x00000000290e0000)]
  0x00000000205d9000 JavaThread "jar transforms Thread 78" [_thread_blocked, id=13212, stack(0x0000000028ee0000,0x0000000028fe0000)]
  0x00000000205d7800 JavaThread "jar transforms Thread 77" [_thread_blocked, id=6292, stack(0x0000000028de0000,0x0000000028ee0000)]
  0x00000000205de000 JavaThread "jar transforms Thread 76" [_thread_blocked, id=4548, stack(0x0000000028ce0000,0x0000000028de0000)]
  0x00000000205d9800 JavaThread "jar transforms Thread 75" [_thread_blocked, id=10932, stack(0x0000000028be0000,0x0000000028ce0000)]
  0x00000000205dc800 JavaThread "jar transforms Thread 74" [_thread_blocked, id=13132, stack(0x0000000028ae0000,0x0000000028be0000)]
  0x00000000205d6800 JavaThread "jar transforms Thread 73" [_thread_blocked, id=5104, stack(0x00000000289e0000,0x0000000028ae0000)]
  0x00000000205dc000 JavaThread "jar transforms Thread 72" [_thread_blocked, id=4192, stack(0x00000000288e0000,0x00000000289e0000)]
  0x00000000205d6000 JavaThread "jar transforms Thread 71" [_thread_blocked, id=9160, stack(0x00000000287e0000,0x00000000288e0000)]
  0x00000000205d8000 JavaThread "jar transforms Thread 70" [_thread_blocked, id=3004, stack(0x00000000286e0000,0x00000000287e0000)]
  0x00000000221d7800 JavaThread "jar transforms Thread 69" [_thread_blocked, id=2064, stack(0x00000000285e0000,0x00000000286e0000)]
  0x00000000221d6800 JavaThread "jar transforms Thread 68" [_thread_blocked, id=8396, stack(0x00000000284e0000,0x00000000285e0000)]
  0x00000000221d6000 JavaThread "jar transforms Thread 67" [_thread_blocked, id=14224, stack(0x00000000283e0000,0x00000000284e0000)]
  0x00000000221d5000 JavaThread "jar transforms Thread 66" [_thread_blocked, id=14164, stack(0x00000000282e0000,0x00000000283e0000)]
  0x00000000221d4800 JavaThread "jar transforms Thread 65" [_thread_blocked, id=3264, stack(0x00000000281e0000,0x00000000282e0000)]
  0x00000000221cd000 JavaThread "jar transforms Thread 64" [_thread_blocked, id=7512, stack(0x00000000280e0000,0x00000000281e0000)]
  0x00000000221d3800 JavaThread "jar transforms Thread 63" [_thread_blocked, id=9580, stack(0x0000000027fe0000,0x00000000280e0000)]
  0x00000000221d3000 JavaThread "jar transforms Thread 62" [_thread_blocked, id=2928, stack(0x0000000027ee0000,0x0000000027fe0000)]
  0x00000000221d2000 JavaThread "jar transforms Thread 61" [_thread_blocked, id=4944, stack(0x0000000027de0000,0x0000000027ee0000)]
  0x00000000221d1800 JavaThread "jar transforms Thread 60" [_thread_blocked, id=6348, stack(0x0000000027ce0000,0x0000000027de0000)]
  0x00000000221ca000 JavaThread "jar transforms Thread 59" [_thread_blocked, id=3728, stack(0x0000000027be0000,0x0000000027ce0000)]
  0x00000000221d0800 JavaThread "jar transforms Thread 58" [_thread_blocked, id=2340, stack(0x0000000027ae0000,0x0000000027be0000)]
  0x00000000221d0000 JavaThread "jar transforms Thread 57" [_thread_blocked, id=14084, stack(0x00000000279e0000,0x0000000027ae0000)]
  0x00000000221c8800 JavaThread "jar transforms Thread 56" [_thread_blocked, id=7224, stack(0x00000000278e0000,0x00000000279e0000)]
  0x00000000221cc000 JavaThread "jar transforms Thread 55" [_thread_blocked, id=14332, stack(0x00000000277e0000,0x00000000278e0000)]
  0x00000000221cb800 JavaThread "jar transforms Thread 54" [_thread_blocked, id=9716, stack(0x00000000276e0000,0x00000000277e0000)]
  0x00000000221ce800 JavaThread "jar transforms Thread 53" [_thread_blocked, id=13452, stack(0x00000000275e0000,0x00000000276e0000)]
  0x00000000221ca800 JavaThread "jar transforms Thread 52" [_thread_blocked, id=1576, stack(0x00000000274e0000,0x00000000275e0000)]
  0x00000000221c9000 JavaThread "jar transforms Thread 51" [_thread_blocked, id=7980, stack(0x00000000273e0000,0x00000000274e0000)]
  0x00000000221cd800 JavaThread "jar transforms Thread 50" [_thread_blocked, id=11056, stack(0x00000000272e0000,0x00000000273e0000)]
  0x00000000221cf000 JavaThread "jar transforms Thread 49" [_thread_blocked, id=4068, stack(0x00000000271e0000,0x00000000272e0000)]
  0x000000001cf0f800 JavaThread "jar transforms Thread 48" [_thread_blocked, id=10296, stack(0x00000000270e0000,0x00000000271e0000)]
  0x000000001cf0e800 JavaThread "jar transforms Thread 47" [_thread_blocked, id=11968, stack(0x0000000026fe0000,0x00000000270e0000)]
  0x000000001cf0e000 JavaThread "jar transforms Thread 46" [_thread_blocked, id=8268, stack(0x0000000026ee0000,0x0000000026fe0000)]
  0x000000001cf0d000 JavaThread "jar transforms Thread 45" [_thread_blocked, id=12320, stack(0x0000000026de0000,0x0000000026ee0000)]
  0x000000001cf0a000 JavaThread "jar transforms Thread 44" [_thread_blocked, id=2964, stack(0x0000000026ce0000,0x0000000026de0000)]
  0x000000001cf05800 JavaThread "jar transforms Thread 43" [_thread_blocked, id=5432, stack(0x0000000026be0000,0x0000000026ce0000)]
  0x000000001cf0b000 JavaThread "jar transforms Thread 42" [_thread_blocked, id=13860, stack(0x0000000026ae0000,0x0000000026be0000)]
  0x000000001cf09800 JavaThread "jar transforms Thread 41" [_thread_blocked, id=1400, stack(0x00000000269e0000,0x0000000026ae0000)]
  0x000000001cf0c800 JavaThread "jar transforms Thread 40" [_thread_blocked, id=7864, stack(0x00000000268e0000,0x00000000269e0000)]
  0x000000001cf0b800 JavaThread "jar transforms Thread 39" [_thread_blocked, id=10412, stack(0x00000000267e0000,0x00000000268e0000)]
  0x000000001cf01800 JavaThread "jar transforms Thread 38" [_thread_blocked, id=12456, stack(0x00000000266e0000,0x00000000267e0000)]
  0x000000001cf04000 JavaThread "jar transforms Thread 37" [_thread_blocked, id=14256, stack(0x00000000265e0000,0x00000000266e0000)]
  0x000000001cf03000 JavaThread "jar transforms Thread 36" [_thread_blocked, id=2376, stack(0x00000000264e0000,0x00000000265e0000)]
  0x000000001cf08800 JavaThread "jar transforms Thread 35" [_thread_blocked, id=5008, stack(0x00000000263e0000,0x00000000264e0000)]
  0x000000001cf08000 JavaThread "jar transforms Thread 34" [_thread_blocked, id=12684, stack(0x00000000262e0000,0x00000000263e0000)]
  0x000000001cf00000 JavaThread "jar transforms Thread 33" [_thread_blocked, id=2384, stack(0x00000000261e0000,0x00000000262e0000)]
  0x000000001cf04800 JavaThread "jar transforms Thread 32" [_thread_blocked, id=13168, stack(0x00000000260e0000,0x00000000261e0000)]
  0x000000001cf02800 JavaThread "jar transforms Thread 31" [_thread_blocked, id=10644, stack(0x0000000025fe0000,0x00000000260e0000)]
  0x000000001cf07000 JavaThread "jar transforms Thread 30" [_thread_blocked, id=10716, stack(0x0000000025ee0000,0x0000000025fe0000)]
  0x000000001cf06000 JavaThread "jar transforms Thread 29" [_thread_blocked, id=9340, stack(0x0000000025de0000,0x0000000025ee0000)]
  0x000000001cf01000 JavaThread "jar transforms Thread 28" [_thread_blocked, id=3988, stack(0x0000000025ce0000,0x0000000025de0000)]
  0x000000001cf31000 JavaThread "jar transforms Thread 27" [_thread_blocked, id=12524, stack(0x0000000025be0000,0x0000000025ce0000)]
  0x000000001cf30000 JavaThread "jar transforms Thread 26" [_thread_blocked, id=1800, stack(0x0000000025ae0000,0x0000000025be0000)]
  0x000000001cf32800 JavaThread "jar transforms Thread 25" [_thread_blocked, id=3436, stack(0x00000000259e0000,0x0000000025ae0000)]
  0x000000001cf37000 JavaThread "jar transforms Thread 24" [_thread_blocked, id=3380, stack(0x00000000258e0000,0x00000000259e0000)]
  0x000000001cf36800 JavaThread "jar transforms Thread 23" [_thread_blocked, id=13720, stack(0x00000000257e0000,0x00000000258e0000)]
  0x000000001cf34000 JavaThread "jar transforms Thread 22" [_thread_blocked, id=6228, stack(0x00000000256e0000,0x00000000257e0000)]
  0x000000001cf35800 JavaThread "jar transforms Thread 21" [_thread_blocked, id=10612, stack(0x00000000255e0000,0x00000000256e0000)]
  0x000000001cf33000 JavaThread "jar transforms Thread 20" [_thread_blocked, id=2900, stack(0x00000000254e0000,0x00000000255e0000)]
  0x000000001cf31800 JavaThread "jar transforms Thread 19" [_thread_blocked, id=3984, stack(0x00000000253e0000,0x00000000254e0000)]
  0x000000001cf35000 JavaThread "jar transforms Thread 18" [_thread_blocked, id=13652, stack(0x00000000252e0000,0x00000000253e0000)]
  0x000000001cd8d800 JavaThread "jar transforms Thread 17" [_thread_blocked, id=12668, stack(0x00000000251e0000,0x00000000252e0000)]
  0x000000001cd8c000 JavaThread "jar transforms Thread 16" [_thread_blocked, id=2032, stack(0x00000000250e0000,0x00000000251e0000)]
  0x000000001cd91800 JavaThread "jar transforms Thread 15" [_thread_blocked, id=11396, stack(0x0000000024fe0000,0x00000000250e0000)]
  0x000000001cd8f000 JavaThread "jar transforms Thread 14" [_thread_blocked, id=8296, stack(0x0000000024ee0000,0x0000000024fe0000)]
  0x000000001cd90000 JavaThread "jar transforms Thread 13" [_thread_blocked, id=1660, stack(0x0000000024de0000,0x0000000024ee0000)]
  0x000000001cd8d000 JavaThread "jar transforms Thread 12" [_thread_blocked, id=11020, stack(0x0000000024ce0000,0x0000000024de0000)]
  0x000000001cd8a800 JavaThread "jar transforms Thread 11" [_thread_blocked, id=12480, stack(0x0000000024be0000,0x0000000024ce0000)]
  0x000000001cd90800 JavaThread "jar transforms Thread 10" [_thread_blocked, id=10860, stack(0x0000000024ae0000,0x0000000024be0000)]
  0x000000001cd8e800 JavaThread "jar transforms Thread 9" [_thread_blocked, id=12092, stack(0x00000000249e0000,0x0000000024ae0000)]
  0x000000001cd8b800 JavaThread "jar transforms Thread 8" [_thread_blocked, id=13572, stack(0x00000000248e0000,0x00000000249e0000)]
  0x000000001cd8a000 JavaThread "jar transforms Thread 7" [_thread_blocked, id=12964, stack(0x00000000247e0000,0x00000000248e0000)]
  0x000000001cd82800 JavaThread "jar transforms Thread 6" [_thread_blocked, id=11868, stack(0x00000000246e0000,0x00000000247e0000)]
  0x000000001cd89000 JavaThread "jar transforms Thread 5" [_thread_blocked, id=5708, stack(0x00000000245e0000,0x00000000246e0000)]
  0x000000001cd88800 JavaThread "jar transforms Thread 4" [_thread_blocked, id=8948, stack(0x00000000235e0000,0x00000000236e0000)]
  0x000000001cd87000 JavaThread "jar transforms Thread 3" [_thread_blocked, id=14184, stack(0x0000000024350000,0x0000000024450000)]
  0x000000001cd86000 JavaThread "jar transforms Thread 2" [_thread_blocked, id=3112, stack(0x0000000024250000,0x0000000024350000)]
  0x000000001cd83000 JavaThread "Build operations Thread 8" [_thread_blocked, id=11720, stack(0x0000000024050000,0x0000000024150000)]
  0x000000001cd85800 JavaThread "Build operations Thread 7" [_thread_blocked, id=12100, stack(0x0000000023f50000,0x0000000024050000)]
  0x000000001cd84000 JavaThread "Build operations Thread 6" [_thread_in_Java, id=9952, stack(0x0000000023e50000,0x0000000023f50000)]
  0x000000001cd87800 JavaThread "Build operations Thread 5" [_thread_in_Java, id=2984, stack(0x0000000023d50000,0x0000000023e50000)]
  0x000000001cd84800 JavaThread "Build operations Thread 4" [_thread_in_Java, id=11296, stack(0x0000000023c50000,0x0000000023d50000)]
  0x000000001b0b2000 JavaThread "Build operations Thread 3" [_thread_blocked, id=13088, stack(0x0000000023b50000,0x0000000023c50000)]
  0x000000001b0b2800 JavaThread "Build operations Thread 2" [_thread_blocked, id=280, stack(0x0000000023a50000,0x0000000023b50000)]
  0x000000001b0b1000 JavaThread "Build operations" [_thread_in_Java, id=11496, stack(0x0000000023950000,0x0000000023a50000)]
  0x000000001b0b4000 JavaThread "Cache worker for file content cache (C:\Users\DUYEN\.gradle\caches\6.5\fileContent)" [_thread_blocked, id=5028, stack(0x0000000022ee0000,0x0000000022fe0000)]
  0x000000001b0b5000 JavaThread "jar transforms" [_thread_blocked, id=2236, stack(0x0000000022de0000,0x0000000022ee0000)]
  0x0000000019c89800 JavaThread "Cache worker for execution history cache (C:\Users\DUYEN\.gradle\caches\6.5\executionHistory)" [_thread_blocked, id=9836, stack(0x00000000226e0000,0x00000000227e0000)]
  0x0000000019c8e000 JavaThread "Cache worker for cache directory md-rule (C:\Users\DUYEN\.gradle\caches\6.5\md-rule)" [_thread_blocked, id=6592, stack(0x00000000225e0000,0x00000000226e0000)]
  0x0000000019c87800 JavaThread "Cache worker for cache directory md-supplier (C:\Users\DUYEN\.gradle\caches\6.5\md-supplier)" [_thread_blocked, id=1332, stack(0x0000000021270000,0x0000000021370000)]
  0x0000000019c8c800 JavaThread "Cache worker for checksums cache (E:\BTAndroid\Homework5\SQLiteExamplesWed\.gradle\checksums)" [_thread_blocked, id=2160, stack(0x0000000020f70000,0x0000000021070000)]
  0x0000000019c8d800 JavaThread "Cache worker for file hash cache (E:\BTAndroid\Homework5\SQLiteExamplesWed\.gradle\6.5\fileHashes)" [_thread_blocked, id=3832, stack(0x000000001ec70000,0x000000001ed70000)]
  0x0000000019c8b000 JavaThread "Cache worker for file hash cache (C:\Users\DUYEN\.gradle\caches\6.5\fileHashes)" [_thread_blocked, id=4740, stack(0x000000001eb70000,0x000000001ec70000)]
  0x0000000019c8c000 JavaThread "File lock request listener" [_thread_in_native, id=7304, stack(0x000000001ea70000,0x000000001eb70000)]
  0x000000001c79c800 JavaThread "Cache worker for journal cache (C:\Users\DUYEN\.gradle\caches\journal-1)" [_thread_blocked, id=12244, stack(0x000000001e970000,0x000000001ea70000)]
  0x000000001acc9000 JavaThread "Thread-9" [_thread_blocked, id=1588, stack(0x000000001e670000,0x000000001e770000)]
  0x000000001aea4000 JavaThread "Stdin handler" [_thread_blocked, id=14288, stack(0x000000001e570000,0x000000001e670000)]
  0x000000001aea2800 JavaThread "Asynchronous log dispatcher for DefaultDaemonConnection: socket connection from /127.0.0.1:52594 to /127.0.0.1:52595" [_thread_blocked, id=14140, stack(0x000000001e470000,0x000000001e570000)]
  0x000000001ae9f800 JavaThread "Daemon worker" [_thread_blocked, id=7784, stack(0x000000001e370000,0x000000001e470000)]
  0x000000001bd56000 JavaThread "Cancel handler" [_thread_blocked, id=8468, stack(0x000000001e270000,0x000000001e370000)]
  0x000000001c721000 JavaThread "Handler for socket connection from /127.0.0.1:52594 to /127.0.0.1:52595" [_thread_in_native, id=6172, stack(0x000000001df70000,0x000000001e070000)]
  0x000000001c738000 JavaThread "Daemon" [_thread_blocked, id=9396, stack(0x000000001de70000,0x000000001df70000)]
  0x000000001c739000 JavaThread "Daemon periodic checks" [_thread_blocked, id=3504, stack(0x000000001dd70000,0x000000001de70000)]
  0x000000001c6c4000 JavaThread "Incoming local TCP Connector on port 52594" [_thread_in_native, id=8696, stack(0x000000001db30000,0x000000001dc30000)]
  0x0000000019d9d800 JavaThread "Daemon health stats" [_thread_blocked, id=1720, stack(0x000000001d4f0000,0x000000001d5f0000)]
  0x0000000019d2a000 JavaThread "Service Thread" daemon [_thread_blocked, id=14296, stack(0x000000001a950000,0x000000001aa50000)]
  0x0000000019c8a800 JavaThread "C1 CompilerThread3" daemon [_thread_in_native, id=1880, stack(0x000000001a850000,0x000000001a950000)]
=>0x0000000019c89000 JavaThread "C2 CompilerThread2" daemon [_thread_in_native, id=1584, stack(0x000000001a750000,0x000000001a850000)]
  0x0000000019c88000 JavaThread "C2 CompilerThread1" daemon [_thread_in_native, id=4948, stack(0x000000001a650000,0x000000001a750000)]
  0x0000000017e9e000 JavaThread "C2 CompilerThread0" daemon [_thread_in_vm, id=13628, stack(0x000000001a550000,0x000000001a650000)]
  0x0000000019c83800 JavaThread "Attach Listener" daemon [_thread_blocked, id=1976, stack(0x000000001a450000,0x000000001a550000)]
  0x0000000019c82800 JavaThread "Signal Dispatcher" daemon [_thread_blocked, id=13116, stack(0x000000001a350000,0x000000001a450000)]
  0x0000000019c70800 JavaThread "Finalizer" daemon [_thread_blocked, id=7672, stack(0x000000001a150000,0x000000001a250000)]
  0x0000000002e18000 JavaThread "Reference Handler" daemon [_thread_blocked, id=8676, stack(0x000000001a050000,0x000000001a150000)]
  0x000000000134e800 JavaThread "main" [_thread_blocked, id=12716, stack(0x0000000002c20000,0x0000000002d20000)]

Other Threads:
  0x0000000017e86000 VMThread [stack: 0x0000000019b50000,0x0000000019c50000] [id=7516]
  0x0000000019d2b000 WatcherThread [stack: 0x000000001aa50000,0x000000001ab50000] [id=716]

VM state:not at safepoint (normal execution)

VM Mutex/Monitor currently owned by a thread: None

heap address: 0x0000000080000000, size: 2048 MB, Compressed Oops mode: 32-bit
Narrow klass base: 0x0000000000000000, Narrow klass shift: 3
Compressed class space size: 1073741824 Address: 0x0000000100000000

Heap:
 PSYoungGen      total 299008K, used 237534K [0x00000000d5580000, 0x00000000ea200000, 0x0000000100000000)
  eden space 267776K, 88% used [0x00000000d5580000,0x00000000e3d77b40,0x00000000e5b00000)
  from space 31232K, 0% used [0x00000000e7800000,0x00000000e7800000,0x00000000e9680000)
  to   space 29696K, 0% used [0x00000000e5b00000,0x00000000e5b00000,0x00000000e7800000)
 ParOldGen       total 177664K, used 52959K [0x0000000080000000, 0x000000008ad80000, 0x00000000d5580000)
  object space 177664K, 29% used [0x0000000080000000,0x00000000833b7d08,0x000000008ad80000)
 Metaspace       used 90460K, capacity 94934K, committed 99112K, reserved 1134592K
  class space    used 12179K, capacity 13031K, committed 14128K, reserved 1048576K

Card table byte_map: [0x00000000121e0000,0x00000000125f0000] byte_map_base: 0x0000000011de0000

Marking Bits: (ParMarkBitMap*) 0x000000006610f030
 Begin Bits: [0x00000000130a0000, 0x00000000150a0000)
 End Bits:   [0x00000000150a0000, 0x00000000170a0000)

Polling page: 0x0000000001350000

CodeCache: size=245760Kb used=37691Kb max_used=37716Kb free=208068Kb
 bounds [0x0000000002e20000, 0x0000000005330000, 0x0000000011e20000]
 total_blobs=13183 nmethods=12205 adapters=889
 compilation: enabled

Compilation events (10 events):
Event: 15.672 Thread 0x0000000019c8a800 nmethod 14815 0x0000000004457750 code [0x0000000004457900, 0x0000000004457e48]
Event: 15.672 Thread 0x0000000019c8a800 14824 %     3       com.android.tools.r8.graph.i0::a @ 4 (89 bytes)
Event: 15.673 Thread 0x0000000019c8a800 nmethod 14824% 0x00000000039edb50 code [0x00000000039edd40, 0x00000000039ee8c8]
Event: 15.673 Thread 0x0000000019c8a800 14817 %     3       com.android.tools.r8.ir.optimize.l::k @ 104 (625 bytes)
Event: 15.682 Thread 0x0000000019c8a800 nmethod 14817% 0x00000000052ff190 code [0x00000000052ffb60, 0x0000000005306cc8]
Event: 15.682 Thread 0x0000000019c8a800 14825       3       com.android.tools.r8.graph.i0::a (89 bytes)
Event: 15.683 Thread 0x0000000019c8a800 nmethod 14825 0x0000000002f508d0 code [0x0000000002f50ac0, 0x0000000002f515c8]
Event: 15.683 Thread 0x0000000019c8a800 14808 %     3       com.android.tools.r8.ir.conversion.N::a @ 1600 (3065 bytes)
Event: 15.694 Thread 0x0000000017e9e000 nmethod 14733 0x000000000332ab90 code [0x000000000332ad40, 0x000000000332bce8]
Event: 15.694 Thread 0x0000000017e9e000 14839       4       com.android.tools.r8.graph.i0::a (89 bytes)

GC Heap History (10 events):
Event: 10.794 GC heap before
{Heap before GC invocations=18 (full 3):
 PSYoungGen      total 263680K, used 263668K [0x00000000d5580000, 0x00000000e8280000, 0x0000000100000000)
  eden space 239104K, 99% used [0x00000000d5580000,0x00000000e3eff4f8,0x00000000e3f00000)
  from space 24576K, 99% used [0x00000000e5e80000,0x00000000e767dba8,0x00000000e7680000)
  to   space 32256K, 0% used [0x00000000e3f00000,0x00000000e3f00000,0x00000000e5e80000)
 ParOldGen       total 119808K, used 47344K [0x0000000080000000, 0x0000000087500000, 0x00000000d5580000)
  object space 119808K, 39% used [0x0000000080000000,0x0000000082e3c1d0,0x0000000087500000)
 Metaspace       used 73496K, capacity 77334K, committed 77608K, reserved 1116160K
  class space    used 9968K, capacity 10722K, committed 10800K, reserved 1048576K
Event: 10.813 GC heap after
Heap after GC invocations=18 (full 3):
 PSYoungGen      total 271360K, used 12511K [0x00000000d5580000, 0x00000000e8280000, 0x0000000100000000)
  eden space 239104K, 0% used [0x00000000d5580000,0x00000000d5580000,0x00000000e3f00000)
  from space 32256K, 38% used [0x00000000e3f00000,0x00000000e4b37d90,0x00000000e5e80000)
  to   space 24576K, 0% used [0x00000000e5e80000,0x00000000e5e80000,0x00000000e7680000)
 ParOldGen       total 119808K, used 71397K [0x0000000080000000, 0x0000000087500000, 0x00000000d5580000)
  object space 119808K, 59% used [0x0000000080000000,0x00000000845b9448,0x0000000087500000)
 Metaspace       used 73496K, capacity 77334K, committed 77608K, reserved 1116160K
  class space    used 9968K, capacity 10722K, committed 10800K, reserved 1048576K
}
Event: 12.588 GC heap before
{Heap before GC invocations=19 (full 3):
 PSYoungGen      total 271360K, used 251615K [0x00000000d5580000, 0x00000000e8280000, 0x0000000100000000)
  eden space 239104K, 100% used [0x00000000d5580000,0x00000000e3f00000,0x00000000e3f00000)
  from space 32256K, 38% used [0x00000000e3f00000,0x00000000e4b37d90,0x00000000e5e80000)
  to   space 24576K, 0% used [0x00000000e5e80000,0x00000000e5e80000,0x00000000e7680000)
 ParOldGen       total 119808K, used 71397K [0x0000000080000000, 0x0000000087500000, 0x00000000d5580000)
  object space 119808K, 59% used [0x0000000080000000,0x00000000845b9448,0x0000000087500000)
 Metaspace       used 74944K, capacity 78822K, committed 79016K, reserved 1118208K
  class space    used 10089K, capacity 10838K, committed 10928K, reserved 1048576K
Event: 12.593 GC heap after
Heap after GC invocations=19 (full 3):
 PSYoungGen      total 265728K, used 5409K [0x00000000d5580000, 0x00000000ea180000, 0x0000000100000000)
  eden space 241152K, 0% used [0x00000000d5580000,0x00000000d5580000,0x00000000e4100000)
  from space 24576K, 22% used [0x00000000e5e80000,0x00000000e63c8500,0x00000000e7680000)
  to   space 30208K, 0% used [0x00000000e4100000,0x00000000e4100000,0x00000000e5e80000)
 ParOldGen       total 119808K, used 71405K [0x0000000080000000, 0x0000000087500000, 0x00000000d5580000)
  object space 119808K, 59% used [0x0000000080000000,0x00000000845bb448,0x0000000087500000)
 Metaspace       used 74944K, capacity 78822K, committed 79016K, reserved 1118208K
  class space    used 10089K, capacity 10838K, committed 10928K, reserved 1048576K
}
Event: 14.925 GC heap before
{Heap before GC invocations=20 (full 3):
 PSYoungGen      total 265728K, used 246561K [0x00000000d5580000, 0x00000000ea180000, 0x0000000100000000)
  eden space 241152K, 100% used [0x00000000d5580000,0x00000000e4100000,0x00000000e4100000)
  from space 24576K, 22% used [0x00000000e5e80000,0x00000000e63c8500,0x00000000e7680000)
  to   space 30208K, 0% used [0x00000000e4100000,0x00000000e4100000,0x00000000e5e80000)
 ParOldGen       total 119808K, used 71405K [0x0000000080000000, 0x0000000087500000, 0x00000000d5580000)
  object space 119808K, 59% used [0x0000000080000000,0x00000000845bb448,0x0000000087500000)
 Metaspace       used 91445K, capacity 98224K, committed 98600K, reserved 1134592K
  class space    used 12657K, capacity 14002K, committed 14128K, reserved 1048576K
Event: 14.947 GC heap after
Heap after GC invocations=20 (full 3):
 PSYoungGen      total 271360K, used 20259K [0x00000000d5580000, 0x00000000e9680000, 0x0000000100000000)
  eden space 241152K, 0% used [0x00000000d5580000,0x00000000d5580000,0x00000000e4100000)
  from space 30208K, 67% used [0x00000000e4100000,0x00000000e54c8e80,0x00000000e5e80000)
  to   space 31232K, 0% used [0x00000000e7800000,0x00000000e7800000,0x00000000e9680000)
 ParOldGen       total 119808K, used 71413K [0x0000000080000000, 0x0000000087500000, 0x00000000d5580000)
  object space 119808K, 59% used [0x0000000080000000,0x00000000845bd448,0x0000000087500000)
 Metaspace       used 91445K, capacity 98224K, committed 98600K, reserved 1134592K
  class space    used 12657K, capacity 14002K, committed 14128K, reserved 1048576K
}
Event: 15.078 GC heap before
{Heap before GC invocations=21 (full 3):
 PSYoungGen      total 271360K, used 46216K [0x00000000d5580000, 0x00000000e9680000, 0x0000000100000000)
  eden space 241152K, 10% used [0x00000000d5580000,0x00000000d6ed9360,0x00000000e4100000)
  from space 30208K, 67% used [0x00000000e4100000,0x00000000e54c8e80,0x00000000e5e80000)
  to   space 31232K, 0% used [0x00000000e7800000,0x00000000e7800000,0x00000000e9680000)
 ParOldGen       total 119808K, used 71413K [0x0000000080000000, 0x0000000087500000, 0x00000000d5580000)
  object space 119808K, 59% used [0x0000000080000000,0x00000000845bd448,0x0000000087500000)
 Metaspace       used 91704K, capacity 98492K, committed 98600K, reserved 1134592K
  class space    used 12698K, capacity 14054K, committed 14128K, reserved 1048576K
Event: 15.088 GC heap after
Heap after GC invocations=21 (full 3):
 PSYoungGen      total 299008K, used 10753K [0x00000000d5580000, 0x00000000ea200000, 0x0000000100000000)
  eden space 267776K, 0% used [0x00000000d5580000,0x00000000d5580000,0x00000000e5b00000)
  from space 31232K, 34% used [0x00000000e7800000,0x00000000e82805a8,0x00000000e9680000)
  to   space 29696K, 0% used [0x00000000e5b00000,0x00000000e5b00000,0x00000000e7800000)
 ParOldGen       total 119808K, used 71421K [0x0000000080000000, 0x0000000087500000, 0x00000000d5580000)
  object space 119808K, 59% used [0x0000000080000000,0x00000000845bf448,0x0000000087500000)
 Metaspace       used 91704K, capacity 98492K, committed 98600K, reserved 1134592K
  class space    used 12698K, capacity 14054K, committed 14128K, reserved 1048576K
}
Event: 15.088 GC heap before
{Heap before GC invocations=22 (full 4):
 PSYoungGen      total 299008K, used 10753K [0x00000000d5580000, 0x00000000ea200000, 0x0000000100000000)
  eden space 267776K, 0% used [0x00000000d5580000,0x00000000d5580000,0x00000000e5b00000)
  from space 31232K, 34% used [0x00000000e7800000,0x00000000e82805a8,0x00000000e9680000)
  to   space 29696K, 0% used [0x00000000e5b00000,0x00000000e5b00000,0x00000000e7800000)
 ParOldGen       total 119808K, used 71421K [0x0000000080000000, 0x0000000087500000, 0x00000000d5580000)
  object space 119808K, 59% used [0x0000000080000000,0x00000000845bf448,0x0000000087500000)
 Metaspace       used 91704K, capacity 98492K, committed 98600K, reserved 1134592K
  class space    used 12698K, capacity 14054K, committed 14128K, reserved 1048576K
Event: 15.217 GC heap after
Heap after GC invocations=22 (full 4):
 PSYoungGen      total 299008K, used 0K [0x00000000d5580000, 0x00000000ea200000, 0x0000000100000000)
  eden space 267776K, 0% used [0x00000000d5580000,0x00000000d5580000,0x00000000e5b00000)
  from space 31232K, 0% used [0x00000000e7800000,0x00000000e7800000,0x00000000e9680000)
  to   space 29696K, 0% used [0x00000000e5b00000,0x00000000e5b00000,0x00000000e7800000)
 ParOldGen       total 177664K, used 52959K [0x0000000080000000, 0x000000008ad80000, 0x00000000d5580000)
  object space 177664K, 29% used [0x0000000080000000,0x00000000833b7d08,0x000000008ad80000)
 Metaspace       used 90019K, capacity 94496K, committed 98600K, reserved 1134592K
  class space    used 12099K, capacity 12984K, committed 14128K, reserved 1048576K
}

Deoptimization events (10 events):
Event: 15.310 Thread 0x000000001b0b1000 Uncommon trap: reason=unstable_if action=reinterpret pc=0x0000000003cb29d0 method=com.android.tools.r8.utils.T.d(Ljava/lang/String;)[Ljava/lang/String; @ 149
Event: 15.418 Thread 0x000000001cd87800 Uncommon trap: reason=unstable_if action=reinterpret pc=0x000000000323c268 method=java.util.concurrent.ConcurrentHashMap.computeIfAbsent(Ljava/lang/Object;Ljava/util/function/Function;)Ljava/lang/Object; @ 456
Event: 15.423 Thread 0x000000001cd87800 Uncommon trap: reason=unstable_if action=reinterpret pc=0x00000000033122c0 method=java.util.concurrent.ConcurrentHashMap.transfer([Ljava/util/concurrent/ConcurrentHashMap$Node;[Ljava/util/concurrent/ConcurrentHashMap$Node;)V @ 356
Event: 15.465 Thread 0x000000001cd87800 Uncommon trap: reason=unstable_if action=reinterpret pc=0x0000000004bdebe0 method=com.android.tools.r8.ir.conversion.N.a(ILcom/android/tools/r8/s/b/t1;Lcom/android/tools/r8/s/b/o;Lcom/android/tools/r8/s/b/o$c;Lcom/android/tools/r8/s/b/U0$a;)Lcom/android/t
Event: 15.576 Thread 0x000000001cd87800 Uncommon trap: reason=unstable_if action=reinterpret pc=0x0000000004c1a2e4 method=com.android.tools.r8.q.a.a.b.u0.b(I[Ljava/lang/Object;)Lcom/android/tools/r8/q/a/a/b/u0; @ 155
Event: 15.594 Thread 0x000000001b0b2000 Uncommon trap: reason=unstable_if action=reinterpret pc=0x000000000488b390 method=com.android.tools.r8.z.a.a.f.a(II[C)Ljava/lang/String; @ 32
Event: 15.594 Thread 0x000000001b0b2000 Uncommon trap: reason=unstable_if action=reinterpret pc=0x000000000500b67c method=com.android.tools.r8.graph.i0.a(C)I @ 7
Event: 15.594 Thread 0x000000001b0b2000 Uncommon trap: reason=unstable_if action=reinterpret pc=0x0000000004fb6bc0 method=com.android.tools.r8.graph.i0.a(C[BI)I @ 7
Event: 15.596 Thread 0x000000001b0b2000 Uncommon trap: reason=unstable_if action=reinterpret pc=0x0000000004c2d744 method=com.android.tools.r8.graph.I0$d.c()V @ 786
Event: 15.647 Thread 0x000000001b0b1000 Uncommon trap: reason=unstable_if action=reinterpret pc=0x00000000030f14c4 method=com.android.tools.r8.graph.i0.a([C)I @ 29

Classes redefined (0 events):
No events

Internal exceptions (10 events):
Event: 14.695 Thread 0x0000000019fc6000 Exception <a 'sun/nio/fs/WindowsException'> (0x00000000e35bddd8) thrown at [C:\src\AOSP-openjdk-git\hotspot\src\share\vm\prims\jni.cpp, line 710]
Event: 14.697 Thread 0x0000000019fc6000 Exception <a 'sun/nio/fs/WindowsException'> (0x00000000e3605a08) thrown at [C:\src\AOSP-openjdk-git\hotspot\src\share\vm\prims\jni.cpp, line 710]
Event: 14.700 Thread 0x0000000019fc6000 Exception <a 'sun/nio/fs/WindowsException'> (0x00000000e360f3f0) thrown at [C:\src\AOSP-openjdk-git\hotspot\src\share\vm\prims\jni.cpp, line 710]
Event: 14.702 Thread 0x0000000019fc6000 Exception <a 'sun/nio/fs/WindowsException'> (0x00000000e3696c58) thrown at [C:\src\AOSP-openjdk-git\hotspot\src\share\vm\prims\jni.cpp, line 710]
Event: 14.705 Thread 0x0000000019fc6000 Exception <a 'sun/nio/fs/WindowsException'> (0x00000000e369e270) thrown at [C:\src\AOSP-openjdk-git\hotspot\src\share\vm\prims\jni.cpp, line 710]
Event: 15.307 Thread 0x000000001b0b1000 Exception <a 'sun/nio/fs/WindowsException'> (0x00000000d8475960) thrown at [C:\src\AOSP-openjdk-git\hotspot\src\share\vm\prims\jni.cpp, line 710]
Event: 15.375 Thread 0x000000001cd84800 Exception <a 'sun/nio/fs/WindowsException'> (0x00000000da175470) thrown at [C:\src\AOSP-openjdk-git\hotspot\src\share\vm\prims\jni.cpp, line 710]
Event: 15.394 Thread 0x000000001cd87800 Exception <a 'sun/nio/fs/WindowsException'> (0x00000000dac86e08) thrown at [C:\src\AOSP-openjdk-git\hotspot\src\share\vm\prims\jni.cpp, line 710]
Event: 15.401 Thread 0x000000001cd84000 Exception <a 'sun/nio/fs/WindowsException'> (0x00000000db086df8) thrown at [C:\src\AOSP-openjdk-git\hotspot\src\share\vm\prims\jni.cpp, line 710]
Event: 15.535 Thread 0x000000001b0b2000 Exception <a 'sun/nio/fs/WindowsException'> (0x00000000df2415d0) thrown at [C:\src\AOSP-openjdk-git\hotspot\src\share\vm\prims\jni.cpp, line 710]

Events (10 events):
Event: 15.704 loading class com/android/tools/r8/code/k0
Event: 15.704 loading class com/android/tools/r8/code/k0 done
Event: 15.705 loading class com/android/tools/r8/code/n0
Event: 15.705 loading class com/android/tools/r8/code/n0 done
Event: 15.705 loading class com/android/tools/r8/code/j0
Event: 15.705 loading class com/android/tools/r8/code/j0 done
Event: 15.706 loading class com/android/tools/r8/code/i0
Event: 15.706 loading class com/android/tools/r8/code/i0 done
Event: 15.706 loading class com/android/tools/r8/code/l0
Event: 15.706 loading class com/android/tools/r8/code/l0 done


Dynamic libraries:
0x00007ff73b6a0000 - 0x00007ff73b6d1000 	C:\Program Files\Android\Android Studio\jre\bin\java.exe
0x00007ff937680000 - 0x00007ff937870000 	C:\Windows\SYSTEM32\ntdll.dll
0x00007ff9367f0000 - 0x00007ff9368a2000 	C:\Windows\System32\KERNEL32.DLL
0x00007ff9345f0000 - 0x00007ff934895000 	C:\Windows\System32\KERNELBASE.dll
0x00007ff936610000 - 0x00007ff9366b3000 	C:\Windows\System32\ADVAPI32.dll
0x00007ff936b00000 - 0x00007ff936b9e000 	C:\Windows\System32\msvcrt.dll
0x00007ff9374c0000 - 0x00007ff937557000 	C:\Windows\System32\sechost.dll
0x00007ff936ba0000 - 0x00007ff936cc0000 	C:\Windows\System32\RPCRT4.dll
0x00007ff936420000 - 0x00007ff9365b4000 	C:\Windows\System32\USER32.dll
0x00007ff934cf0000 - 0x00007ff934d11000 	C:\Windows\System32\win32u.dll
0x00007ff9365e0000 - 0x00007ff936606000 	C:\Windows\System32\GDI32.dll
0x00007ff934af0000 - 0x00007ff934c86000 	C:\Windows\System32\gdi32full.dll
0x00007ff935540000 - 0x00007ff9355de000 	C:\Windows\System32\msvcp_win.dll
0x00007ff9348a0000 - 0x00007ff93499a000 	C:\Windows\System32\ucrtbase.dll
0x00007ff925f60000 - 0x00007ff9261e4000 	C:\Windows\WinSxS\amd64_microsoft.windows.common-controls_6595b64144ccf1df_6.0.18362.1256_none_9e7e379be45e40e2\COMCTL32.dll
0x00007ff9358e0000 - 0x00007ff935c16000 	C:\Windows\System32\combase.dll
0x00007ff9354b0000 - 0x00007ff935531000 	C:\Windows\System32\bcryptPrimitives.dll
0x00007ff936980000 - 0x00007ff9369ae000 	C:\Windows\System32\IMM32.DLL
0x0000000066a10000 - 0x0000000066ae2000 	C:\Program Files\Android\Android Studio\jre\jre\bin\msvcr100.dll
0x0000000065940000 - 0x000000006618b000 	C:\Program Files\Android\Android Studio\jre\jre\bin\server\jvm.dll
0x00007ff936f50000 - 0x00007ff936f58000 	C:\Windows\System32\PSAPI.DLL
0x00007ff916300000 - 0x00007ff916309000 	C:\Windows\SYSTEM32\WSOCK32.dll
0x00007ff930bb0000 - 0x00007ff930bd4000 	C:\Windows\SYSTEM32\WINMM.dll
0x00007ff92ea90000 - 0x00007ff92ea9a000 	C:\Windows\SYSTEM32\VERSION.dll
0x00007ff930b80000 - 0x00007ff930bad000 	C:\Windows\SYSTEM32\WINMMBASE.dll
0x00007ff9349a0000 - 0x00007ff9349ea000 	C:\Windows\System32\cfgmgr32.dll
0x00007ff9373d0000 - 0x00007ff93743f000 	C:\Windows\System32\WS2_32.dll
0x00007ff930d20000 - 0x00007ff930d2f000 	C:\Program Files\Android\Android Studio\jre\jre\bin\verify.dll
0x00007ff929450000 - 0x00007ff929479000 	C:\Program Files\Android\Android Studio\jre\jre\bin\java.dll
0x00007ff930020000 - 0x00007ff930036000 	C:\Program Files\Android\Android Studio\jre\jre\bin\zip.dll
0x00007ff935c20000 - 0x00007ff936307000 	C:\Windows\System32\SHELL32.dll
0x00007ff936310000 - 0x00007ff9363b9000 	C:\Windows\System32\shcore.dll
0x00007ff934d20000 - 0x00007ff9354a1000 	C:\Windows\System32\windows.storage.dll
0x00007ff934530000 - 0x00007ff934553000 	C:\Windows\System32\profapi.dll
0x00007ff934560000 - 0x00007ff9345aa000 	C:\Windows\System32\powrprof.dll
0x00007ff934520000 - 0x00007ff934530000 	C:\Windows\System32\UMPDC.dll
0x00007ff936790000 - 0x00007ff9367e2000 	C:\Windows\System32\shlwapi.dll
0x00007ff9345b0000 - 0x00007ff9345c1000 	C:\Windows\System32\kernel.appcore.dll
0x00007ff934aa0000 - 0x00007ff934ab7000 	C:\Windows\System32\cryptsp.dll
0x00007ff92ff40000 - 0x00007ff92ff5a000 	C:\Program Files\Android\Android Studio\jre\jre\bin\net.dll
0x00007ff933d70000 - 0x00007ff933dd7000 	C:\Windows\system32\mswsock.dll
0x00007ff929430000 - 0x00007ff929443000 	C:\Program Files\Android\Android Studio\jre\jre\bin\nio.dll
0x00007ff925af0000 - 0x00007ff925b17000 	C:\Users\DUYEN\.gradle\native\f6784746aeab05261644944871eae4fe03e0ef1612fff0a4a95f87b438bc6780\windows-amd64\native-platform.dll
0x00007ff92fee0000 - 0x00007ff92feed000 	C:\Program Files\Android\Android Studio\jre\jre\bin\management.dll
0x00007ff9338e0000 - 0x00007ff933913000 	C:\Windows\system32\rsaenh.dll
0x00007ff934ac0000 - 0x00007ff934ae6000 	C:\Windows\System32\bcrypt.dll
0x00007ff934440000 - 0x00007ff934465000 	C:\Windows\SYSTEM32\USERENV.dll
0x00007ff933f40000 - 0x00007ff933f4c000 	C:\Windows\SYSTEM32\CRYPTBASE.dll
0x00007ff933a80000 - 0x00007ff933aba000 	C:\Windows\SYSTEM32\IPHLPAPI.DLL
0x00007ff9369b0000 - 0x00007ff9369b8000 	C:\Windows\System32\NSI.dll
0x00007ff929a40000 - 0x00007ff929a56000 	C:\Windows\SYSTEM32\dhcpcsvc6.DLL
0x00007ff92ade0000 - 0x00007ff92adfc000 	C:\Windows\SYSTEM32\dhcpcsvc.DLL
0x00007ff933ac0000 - 0x00007ff933b8b000 	C:\Windows\SYSTEM32\DNSAPI.dll
0x00007ff92c490000 - 0x00007ff92c49b000 	C:\Windows\SYSTEM32\WINNSI.DLL
0x00007ff9242c0000 - 0x00007ff92445c000 	C:\Program Files\Android\Android Studio\jre\jre\bin\awt.dll
0x00007ff9366c0000 - 0x00007ff936785000 	C:\Windows\System32\OLEAUT32.dll
0x00007ff9328f0000 - 0x00007ff93291d000 	C:\Windows\SYSTEM32\dwmapi.dll
0x00007ff930f10000 - 0x00007ff9314d0000 	C:\Windows\SYSTEM32\d2d1.dll
0x00007ff9323c0000 - 0x00007ff93244f000 	C:\Windows\SYSTEM32\apphelp.dll
0x00007ff9324c0000 - 0x00007ff932559000 	C:\Windows\system32\uxtheme.dll

VM Arguments:
jvm_args: -Xmx2048m -Dfile.encoding=UTF-8 -Duser.country=US -Duser.language=en -Duser.variant 
java_command: org.gradle.launcher.daemon.bootstrap.GradleDaemon 6.5
java_class_path (initial): C:\Users\DUYEN\.gradle\wrapper\dists\gradle-6.5-bin\6nifqtx7604sqp1q6g8wikw7p\gradle-6.5\lib\gradle-launcher-6.5.jar
Launcher Type: SUN_STANDARD

Environment Variables:
JAVA_HOME=C:\Program Files\Java\jdk1.8.0_181
PATH=C:\Program Files\Common Files\Oracle\Java\javapath;C:\Windows\system32;C:\Windows;C:\Windows\System32\Wbem;C:\Windows\System32\WindowsPowerShell\v1.0\;C:\Windows\System32\OpenSSH\;C:\Program Files\Git\cmd;D:\project\software\apache-maven-3.6.3\bin;C:\Program Files\Java\jdk1.8.0_181\bin;C:\Program Files\nodejs\;C:\Program Files\Microsoft SQL Server\Client SDK\ODBC\110\Tools\Binn\;C:\Program Files\Azure Data Studio\bin;C:\Program Files\Microsoft SQL Server\Client SDK\ODBC\170\Tools\Binn\;C:\Program Files (x86)\Microsoft SQL Server\150\Tools\Binn\;C:\Program Files\Microsoft SQL Server\150\Tools\Binn\;C:\Program Files\Microsoft SQL Server\150\DTS\Binn\;C:\Program Files (x86)\Microsoft SQL Server\150\DTS\Binn\;C:\Users\DUYEN\AppData\Roaming\npm;C:\Users\DUYEN\AppData\Local\Programs\Microsoft VS Code\bin
USERNAME=DUYEN
OS=Windows_NT
PROCESSOR_IDENTIFIER=Intel64 Family 6 Model 126 Stepping 5, GenuineIntel



---------------  S Y S T E M  ---------------

OS: Windows 10.0 , 64 bit Build 18362 (10.0.18362.1110)

CPU:total 8 (initial active 8) (4 cores per cpu, 2 threads per core) family 6 model 126 stepping 5, cmov, cx8, fxsr, mmx, sse, sse2, sse3, ssse3, sse4.1, sse4.2, popcnt, avx, avx2, aes, clmul, erms, 3dnowpref, lzcnt, ht, tsc, tscinvbit, bmi1, bmi2, adx

Memory: 4k page, physical 8150496k(847264k free), swap 10085856k(16108k free)

vm_info: OpenJDK 64-Bit Server VM (25.242-b01) for windows-amd64 JRE (1.8.0_242-release-1644-b01), built by "builder" with MS VC++ 10.0 (VS2010)

time: Sat Dec 26 10:44:16 2020
timezone: SE Asia Standard Time
elapsed time: 15 seconds (0d 0h 0m 15s)

